{"/home/josh/.opencode-worktrees/comic-pile/issue_371/frontend/src/App.tsx": {"path":"/home/josh/.opencode-worktrees/comic-pile/issue_371/frontend/src/App.tsx","statementMap":{"0":{"start":{"line":16,"column":6},"end":{"line":16,"column":null}},"1":{"start":{"line":16,"column":28},"end":{"line":16,"column":null}},"2":{"start":{"line":17,"column":6},"end":{"line":17,"column":null}},"3":{"start":{"line":17,"column":29},"end":{"line":17,"column":null}},"4":{"start":{"line":18,"column":6},"end":{"line":18,"column":null}},"5":{"start":{"line":18,"column":31},"end":{"line":18,"column":null}},"6":{"start":{"line":19,"column":6},"end":{"line":19,"column":null}},"7":{"start":{"line":19,"column":31},"end":{"line":19,"column":null}},"8":{"start":{"line":20,"column":6},"end":{"line":20,"column":null}},"9":{"start":{"line":20,"column":33},"end":{"line":20,"column":null}},"10":{"start":{"line":21,"column":6},"end":{"line":21,"column":null}},"11":{"start":{"line":21,"column":29},"end":{"line":21,"column":null}},"12":{"start":{"line":22,"column":6},"end":{"line":22,"column":null}},"13":{"start":{"line":22,"column":32},"end":{"line":22,"column":null}},"14":{"start":{"line":32,"column":6},"end":{"line":32,"column":null}},"15":{"start":{"line":36,"column":8},"end":{"line":36,"column":null}},"16":{"start":{"line":37,"column":2},"end":{"line":39,"column":null}},"17":{"start":{"line":38,"column":4},"end":{"line":38,"column":null}},"18":{"start":{"line":40,"column":2},"end":{"line":40,"column":null}},"19":{"start":{"line":44,"column":44},"end":{"line":44,"column":null}},"20":{"start":{"line":45,"column":32},"end":{"line":45,"column":null}},"21":{"start":{"line":46,"column":22},"end":{"line":46,"column":null}},"22":{"start":{"line":48,"column":2},"end":{"line":91,"column":null}},"23":{"start":{"line":49,"column":20},"end":{"line":49,"column":null}},"24":{"start":{"line":50,"column":24},"end":{"line":50,"column":null}},"25":{"start":{"line":52,"column":28},"end":{"line":74,"column":null}},"26":{"start":{"line":53,"column":6},"end":{"line":56,"column":null}},"27":{"start":{"line":54,"column":8},"end":{"line":54,"column":null}},"28":{"start":{"line":55,"column":8},"end":{"line":55,"column":null}},"29":{"start":{"line":57,"column":6},"end":{"line":73,"column":null}},"30":{"start":{"line":58,"column":25},"end":{"line":58,"column":null}},"31":{"start":{"line":59,"column":8},"end":{"line":62,"column":null}},"32":{"start":{"line":60,"column":10},"end":{"line":60,"column":null}},"33":{"start":{"line":61,"column":10},"end":{"line":61,"column":null}},"34":{"start":{"line":64,"column":8},"end":{"line":68,"column":null}},"35":{"start":{"line":65,"column":10},"end":{"line":65,"column":null}},"36":{"start":{"line":66,"column":10},"end":{"line":66,"column":null}},"37":{"start":{"line":67,"column":10},"end":{"line":67,"column":null}},"38":{"start":{"line":70,"column":8},"end":{"line":72,"column":null}},"39":{"start":{"line":71,"column":10},"end":{"line":71,"column":null}},"40":{"start":{"line":76,"column":4},"end":{"line":84,"column":null}},"41":{"start":{"line":77,"column":6},"end":{"line":83,"column":null}},"42":{"start":{"line":78,"column":8},"end":{"line":82,"column":null}},"43":{"start":{"line":79,"column":10},"end":{"line":79,"column":null}},"44":{"start":{"line":80,"column":10},"end":{"line":80,"column":null}},"45":{"start":{"line":81,"column":10},"end":{"line":81,"column":null}},"46":{"start":{"line":86,"column":4},"end":{"line":86,"column":null}},"47":{"start":{"line":87,"column":4},"end":{"line":90,"column":null}},"48":{"start":{"line":88,"column":6},"end":{"line":88,"column":null}},"49":{"start":{"line":89,"column":6},"end":{"line":89,"column":null}},"50":{"start":{"line":93,"column":16},"end":{"line":105,"column":null}},"51":{"start":{"line":94,"column":4},"end":{"line":94,"column":null}},"52":{"start":{"line":95,"column":4},"end":{"line":104,"column":null}},"53":{"start":{"line":96,"column":23},"end":{"line":96,"column":null}},"54":{"start":{"line":97,"column":6},"end":{"line":97,"column":null}},"55":{"start":{"line":98,"column":6},"end":{"line":98,"column":null}},"56":{"start":{"line":100,"column":6},"end":{"line":100,"column":null}},"57":{"start":{"line":101,"column":6},"end":{"line":101,"column":null}},"58":{"start":{"line":102,"column":6},"end":{"line":102,"column":null}},"59":{"start":{"line":103,"column":6},"end":{"line":103,"column":null}},"60":{"start":{"line":107,"column":17},"end":{"line":116,"column":null}},"61":{"start":{"line":108,"column":4},"end":{"line":108,"column":null}},"62":{"start":{"line":109,"column":4},"end":{"line":109,"column":null}},"63":{"start":{"line":110,"column":4},"end":{"line":110,"column":null}},"64":{"start":{"line":111,"column":4},"end":{"line":115,"column":null}},"65":{"start":{"line":112,"column":26},"end":{"line":112,"column":null}},"66":{"start":{"line":113,"column":6},"end":{"line":113,"column":null}},"67":{"start":{"line":114,"column":6},"end":{"line":114,"column":null}},"68":{"start":{"line":118,"column":16},"end":{"line":118,"column":null}},"69":{"start":{"line":120,"column":2},"end":{"line":120,"column":null}},"70":{"start":{"line":124,"column":41},"end":{"line":124,"column":null}},"71":{"start":{"line":125,"column":8},"end":{"line":125,"column":null}},"72":{"start":{"line":127,"column":2},"end":{"line":129,"column":null}},"73":{"start":{"line":128,"column":4},"end":{"line":128,"column":null}},"74":{"start":{"line":131,"column":2},"end":{"line":133,"column":null}},"75":{"start":{"line":132,"column":4},"end":{"line":132,"column":null}},"76":{"start":{"line":135,"column":2},"end":{"line":135,"column":null}},"77":{"start":{"line":139,"column":41},"end":{"line":139,"column":null}},"78":{"start":{"line":140,"column":8},"end":{"line":140,"column":null}},"79":{"start":{"line":142,"column":2},"end":{"line":144,"column":null}},"80":{"start":{"line":143,"column":4},"end":{"line":143,"column":null}},"81":{"start":{"line":146,"column":2},"end":{"line":149,"column":null}},"82":{"start":{"line":147,"column":17},"end":{"line":147,"column":null}},"83":{"start":{"line":148,"column":4},"end":{"line":148,"column":null}},"84":{"start":{"line":151,"column":2},"end":{"line":151,"column":null}},"85":{"start":{"line":155,"column":2},"end":{"line":161,"column":null}},"86":{"start":{"line":166,"column":2},"end":{"line":172,"column":null}},"87":{"start":{"line":177,"column":2},"end":{"line":255,"column":null}},"88":{"start":{"line":260,"column":2},"end":{"line":267,"column":null}}},"fnMap":{"0":{"name":"(anonymous_0)","decl":{"start":{"line":16,"column":22},"end":{"line":16,"column":28}},"loc":{"start":{"line":16,"column":28},"end":{"line":16,"column":null}},"line":16},"1":{"name":"(anonymous_1)","decl":{"start":{"line":17,"column":23},"end":{"line":17,"column":29}},"loc":{"start":{"line":17,"column":29},"end":{"line":17,"column":null}},"line":17},"2":{"name":"(anonymous_2)","decl":{"start":{"line":18,"column":25},"end":{"line":18,"column":31}},"loc":{"start":{"line":18,"column":31},"end":{"line":18,"column":null}},"line":18},"3":{"name":"(anonymous_3)","decl":{"start":{"line":19,"column":25},"end":{"line":19,"column":31}},"loc":{"start":{"line":19,"column":31},"end":{"line":19,"column":null}},"line":19},"4":{"name":"(anonymous_4)","decl":{"start":{"line":20,"column":27},"end":{"line":20,"column":33}},"loc":{"start":{"line":20,"column":33},"end":{"line":20,"column":null}},"line":20},"5":{"name":"(anonymous_5)","decl":{"start":{"line":21,"column":23},"end":{"line":21,"column":29}},"loc":{"start":{"line":21,"column":29},"end":{"line":21,"column":null}},"line":21},"6":{"name":"(anonymous_6)","decl":{"start":{"line":22,"column":26},"end":{"line":22,"column":32}},"loc":{"start":{"line":22,"column":32},"end":{"line":22,"column":null}},"line":22},"7":{"name":"useAuth","decl":{"start":{"line":35,"column":16},"end":{"line":35,"column":26}},"loc":{"start":{"line":35,"column":26},"end":{"line":41,"column":null}},"line":35},"8":{"name":"AuthProvider","decl":{"start":{"line":43,"column":16},"end":{"line":43,"column":29}},"loc":{"start":{"line":43,"column":68},"end":{"line":121,"column":null}},"line":43},"9":{"name":"(anonymous_9)","decl":{"start":{"line":48,"column":12},"end":{"line":48,"column":18}},"loc":{"start":{"line":48,"column":18},"end":{"line":91,"column":5}},"line":48},"10":{"name":"(anonymous_10)","decl":{"start":{"line":52,"column":28},"end":{"line":52,"column":40}},"loc":{"start":{"line":52,"column":40},"end":{"line":74,"column":null}},"line":52},"11":{"name":"(anonymous_11)","decl":{"start":{"line":77,"column":30},"end":{"line":77,"column":31}},"loc":{"start":{"line":77,"column":74},"end":{"line":83,"column":null}},"line":77},"12":{"name":"(anonymous_12)","decl":{"start":{"line":87,"column":11},"end":{"line":87,"column":17}},"loc":{"start":{"line":87,"column":17},"end":{"line":90,"column":null}},"line":87},"13":{"name":"(anonymous_13)","decl":{"start":{"line":93,"column":16},"end":{"line":93,"column":23}},"loc":{"start":{"line":93,"column":47},"end":{"line":105,"column":null}},"line":93},"14":{"name":"(anonymous_14)","decl":{"start":{"line":107,"column":17},"end":{"line":107,"column":23}},"loc":{"start":{"line":107,"column":23},"end":{"line":116,"column":null}},"line":107},"15":{"name":"ProtectedRoute","decl":{"start":{"line":123,"column":9},"end":{"line":123,"column":24}},"loc":{"start":{"line":123,"column":63},"end":{"line":136,"column":null}},"line":123},"16":{"name":"PublicRoute","decl":{"start":{"line":138,"column":9},"end":{"line":138,"column":21}},"loc":{"start":{"line":138,"column":60},"end":{"line":152,"column":null}},"line":138},"17":{"name":"AuthenticatedLayout","decl":{"start":{"line":154,"column":9},"end":{"line":154,"column":29}},"loc":{"start":{"line":154,"column":68},"end":{"line":163,"column":null}},"line":154},"18":{"name":"PublicLayout","decl":{"start":{"line":165,"column":9},"end":{"line":165,"column":22}},"loc":{"start":{"line":165,"column":61},"end":{"line":174,"column":null}},"line":165},"19":{"name":"AppRoutes","decl":{"start":{"line":176,"column":9},"end":{"line":176,"column":21}},"loc":{"start":{"line":176,"column":21},"end":{"line":257,"column":null}},"line":176},"20":{"name":"App","decl":{"start":{"line":259,"column":9},"end":{"line":259,"column":15}},"loc":{"start":{"line":259,"column":15},"end":{"line":269,"column":null}},"line":259}},"branchMap":{"0":{"loc":{"start":{"line":37,"column":2},"end":{"line":39,"column":null}},"type":"if","locations":[{"start":{"line":37,"column":2},"end":{"line":39,"column":null}},{"start":{},"end":{}}],"line":37},"1":{"loc":{"start":{"line":50,"column":24},"end":{"line":50,"column":null}},"type":"cond-expr","locations":[{"start":{"line":50,"column":66},"end":{"line":50,"column":108}},{"start":{"line":50,"column":108},"end":{"line":50,"column":null}}],"line":50},"2":{"loc":{"start":{"line":53,"column":6},"end":{"line":56,"column":null}},"type":"if","locations":[{"start":{"line":53,"column":6},"end":{"line":56,"column":null}},{"start":{},"end":{}}],"line":53},"3":{"loc":{"start":{"line":59,"column":8},"end":{"line":62,"column":null}},"type":"if","locations":[{"start":{"line":59,"column":8},"end":{"line":62,"column":null}},{"start":{},"end":{}}],"line":59},"4":{"loc":{"start":{"line":64,"column":8},"end":{"line":68,"column":null}},"type":"if","locations":[{"start":{"line":64,"column":8},"end":{"line":68,"column":null}},{"start":{},"end":{}}],"line":64},"5":{"loc":{"start":{"line":70,"column":8},"end":{"line":72,"column":null}},"type":"if","locations":[{"start":{"line":70,"column":8},"end":{"line":72,"column":null}},{"start":{},"end":{}}],"line":70},"6":{"loc":{"start":{"line":76,"column":4},"end":{"line":84,"column":null}},"type":"if","locations":[{"start":{"line":76,"column":4},"end":{"line":84,"column":null}},{"start":{},"end":{}}],"line":76},"7":{"loc":{"start":{"line":78,"column":8},"end":{"line":82,"column":null}},"type":"if","locations":[{"start":{"line":78,"column":8},"end":{"line":82,"column":null}},{"start":{},"end":{}}],"line":78},"8":{"loc":{"start":{"line":111,"column":4},"end":{"line":115,"column":null}},"type":"if","locations":[{"start":{"line":111,"column":4},"end":{"line":115,"column":null}},{"start":{},"end":{}}],"line":111},"9":{"loc":{"start":{"line":127,"column":2},"end":{"line":129,"column":null}},"type":"if","locations":[{"start":{"line":127,"column":2},"end":{"line":129,"column":null}},{"start":{},"end":{}}],"line":127},"10":{"loc":{"start":{"line":131,"column":2},"end":{"line":133,"column":null}},"type":"if","locations":[{"start":{"line":131,"column":2},"end":{"line":133,"column":null}},{"start":{},"end":{}}],"line":131},"11":{"loc":{"start":{"line":142,"column":2},"end":{"line":144,"column":null}},"type":"if","locations":[{"start":{"line":142,"column":2},"end":{"line":144,"column":null}},{"start":{},"end":{}}],"line":142},"12":{"loc":{"start":{"line":146,"column":2},"end":{"line":149,"column":null}},"type":"if","locations":[{"start":{"line":146,"column":2},"end":{"line":149,"column":null}},{"start":{},"end":{}}],"line":146},"13":{"loc":{"start":{"line":147,"column":17},"end":{"line":147,"column":null}},"type":"binary-expr","locations":[{"start":{"line":147,"column":17},"end":{"line":147,"column":51}},{"start":{"line":147,"column":51},"end":{"line":147,"column":null}}],"line":147}},"s":{"0":2,"1":1,"2":2,"3":0,"4":2,"5":0,"6":2,"7":0,"8":2,"9":0,"10":2,"11":1,"12":2,"13":1,"14":2,"15":68,"16":68,"17":0,"18":68,"19":26,"20":26,"21":26,"22":26,"23":12,"24":12,"25":12,"26":12,"27":3,"28":3,"29":12,"30":12,"31":6,"32":6,"33":6,"34":6,"35":6,"36":6,"37":6,"38":12,"39":12,"40":12,"41":12,"42":0,"43":0,"44":0,"45":0,"46":12,"47":12,"48":12,"49":12,"50":26,"51":2,"52":2,"53":2,"54":2,"55":2,"56":0,"57":0,"58":0,"59":0,"60":26,"61":0,"62":0,"63":0,"64":0,"65":0,"66":0,"67":0,"68":26,"69":26,"70":9,"71":9,"72":9,"73":3,"74":6,"75":1,"76":5,"77":18,"78":18,"79":18,"80":6,"81":12,"82":4,"83":4,"84":8,"85":5,"86":8,"87":9,"88":0},"f":{"0":1,"1":0,"2":0,"3":0,"4":0,"5":1,"6":1,"7":68,"8":26,"9":12,"10":12,"11":0,"12":12,"13":2,"14":0,"15":9,"16":18,"17":5,"18":8,"19":9,"20":0},"b":{"0":[0,68],"1":[12,0],"2":[3,9],"3":[6,0],"4":[6,0],"5":[12,0],"6":[12,0],"7":[0,0],"8":[0,0],"9":[3,6],"10":[1,5],"11":[6,12],"12":[4,8],"13":[4,4]},"meta":{"lastBranch":14,"lastFunction":21,"lastStatement":89,"seen":{"s:16:6:16:Infinity":0,"f:16:22:16:28":0,"s:16:28:16:Infinity":1,"s:17:6:17:Infinity":2,"f:17:23:17:29":1,"s:17:29:17:Infinity":3,"s:18:6:18:Infinity":4,"f:18:25:18:31":2,"s:18:31:18:Infinity":5,"s:19:6:19:Infinity":6,"f:19:25:19:31":3,"s:19:31:19:Infinity":7,"s:20:6:20:Infinity":8,"f:20:27:20:33":4,"s:20:33:20:Infinity":9,"s:21:6:21:Infinity":10,"f:21:23:21:29":5,"s:21:29:21:Infinity":11,"s:22:6:22:Infinity":12,"f:22:26:22:32":6,"s:22:32:22:Infinity":13,"s:32:6:32:Infinity":14,"f:35:16:35:26":7,"s:36:8:36:Infinity":15,"b:37:2:39:Infinity:undefined:undefined:undefined:undefined":0,"s:37:2:39:Infinity":16,"s:38:4:38:Infinity":17,"s:40:2:40:Infinity":18,"f:43:16:43:29":8,"s:44:44:44:Infinity":19,"s:45:32:45:Infinity":20,"s:46:22:46:Infinity":21,"s:48:2:91:Infinity":22,"f:48:12:48:18":9,"s:49:20:49:Infinity":23,"s:50:24:50:Infinity":24,"b:50:66:50:108:50:108:50:Infinity":1,"s:52:28:74:Infinity":25,"f:52:28:52:40":10,"b:53:6:56:Infinity:undefined:undefined:undefined:undefined":2,"s:53:6:56:Infinity":26,"s:54:8:54:Infinity":27,"s:55:8:55:Infinity":28,"s:57:6:73:Infinity":29,"s:58:25:58:Infinity":30,"b:59:8:62:Infinity:undefined:undefined:undefined:undefined":3,"s:59:8:62:Infinity":31,"s:60:10:60:Infinity":32,"s:61:10:61:Infinity":33,"b:64:8:68:Infinity:undefined:undefined:undefined:undefined":4,"s:64:8:68:Infinity":34,"s:65:10:65:Infinity":35,"s:66:10:66:Infinity":36,"s:67:10:67:Infinity":37,"b:70:8:72:Infinity:undefined:undefined:undefined:undefined":5,"s:70:8:72:Infinity":38,"s:71:10:71:Infinity":39,"b:76:4:84:Infinity:undefined:undefined:undefined:undefined":6,"s:76:4:84:Infinity":40,"s:77:6:83:Infinity":41,"f:77:30:77:31":11,"b:78:8:82:Infinity:undefined:undefined:undefined:undefined":7,"s:78:8:82:Infinity":42,"s:79:10:79:Infinity":43,"s:80:10:80:Infinity":44,"s:81:10:81:Infinity":45,"s:86:4:86:Infinity":46,"s:87:4:90:Infinity":47,"f:87:11:87:17":12,"s:88:6:88:Infinity":48,"s:89:6:89:Infinity":49,"s:93:16:105:Infinity":50,"f:93:16:93:23":13,"s:94:4:94:Infinity":51,"s:95:4:104:Infinity":52,"s:96:23:96:Infinity":53,"s:97:6:97:Infinity":54,"s:98:6:98:Infinity":55,"s:100:6:100:Infinity":56,"s:101:6:101:Infinity":57,"s:102:6:102:Infinity":58,"s:103:6:103:Infinity":59,"s:107:17:116:Infinity":60,"f:107:17:107:23":14,"s:108:4:108:Infinity":61,"s:109:4:109:Infinity":62,"s:110:4:110:Infinity":63,"b:111:4:115:Infinity:undefined:undefined:undefined:undefined":8,"s:111:4:115:Infinity":64,"s:112:26:112:Infinity":65,"s:113:6:113:Infinity":66,"s:114:6:114:Infinity":67,"s:118:16:118:Infinity":68,"s:120:2:120:Infinity":69,"f:123:9:123:24":15,"s:124:41:124:Infinity":70,"s:125:8:125:Infinity":71,"b:127:2:129:Infinity:undefined:undefined:undefined:undefined":9,"s:127:2:129:Infinity":72,"s:128:4:128:Infinity":73,"b:131:2:133:Infinity:undefined:undefined:undefined:undefined":10,"s:131:2:133:Infinity":74,"s:132:4:132:Infinity":75,"s:135:2:135:Infinity":76,"f:138:9:138:21":16,"s:139:41:139:Infinity":77,"s:140:8:140:Infinity":78,"b:142:2:144:Infinity:undefined:undefined:undefined:undefined":11,"s:142:2:144:Infinity":79,"s:143:4:143:Infinity":80,"b:146:2:149:Infinity:undefined:undefined:undefined:undefined":12,"s:146:2:149:Infinity":81,"s:147:17:147:Infinity":82,"b:147:17:147:51:147:51:147:Infinity":13,"s:148:4:148:Infinity":83,"s:151:2:151:Infinity":84,"f:154:9:154:29":17,"s:155:2:161:Infinity":85,"f:165:9:165:22":18,"s:166:2:172:Infinity":86,"f:176:9:176:21":19,"s:177:2:255:Infinity":87,"f:259:9:259:15":20,"s:260:2:267:Infinity":88}}}
,"/home/josh/.opencode-worktrees/comic-pile/issue_371/frontend/src/index.css": {"path":"/home/josh/.opencode-worktrees/comic-pile/issue_371/frontend/src/index.css","statementMap":{},"fnMap":{},"branchMap":{},"s":{},"f":{},"b":{},"meta":{"lastBranch":0,"lastFunction":0,"lastStatement":0,"seen":{}}}
,"/home/josh/.opencode-worktrees/comic-pile/issue_371/frontend/src/components/CollectionDialog.css": {"path":"/home/josh/.opencode-worktrees/comic-pile/issue_371/frontend/src/components/CollectionDialog.css","statementMap":{},"fnMap":{},"branchMap":{},"s":{},"f":{},"b":{},"meta":{"lastBranch":0,"lastFunction":0,"lastStatement":0,"seen":{}}}
,"/home/josh/.opencode-worktrees/comic-pile/issue_371/frontend/src/components/CollectionDialog.tsx": {"path":"/home/josh/.opencode-worktrees/comic-pile/issue_371/frontend/src/components/CollectionDialog.tsx","statementMap":{"0":{"start":{"line":19,"column":45},"end":{"line":19,"column":null}},"1":{"start":{"line":20,"column":20},"end":{"line":20,"column":null}},"2":{"start":{"line":21,"column":21},"end":{"line":21,"column":null}},"3":{"start":{"line":23,"column":22},"end":{"line":23,"column":null}},"4":{"start":{"line":24,"column":32},"end":{"line":24,"column":null}},"5":{"start":{"line":25,"column":24},"end":{"line":25,"column":null}},"6":{"start":{"line":26,"column":38},"end":{"line":26,"column":null}},"7":{"start":{"line":28,"column":2},"end":{"line":37,"column":null}},"8":{"start":{"line":29,"column":4},"end":{"line":35,"column":null}},"9":{"start":{"line":30,"column":6},"end":{"line":30,"column":null}},"10":{"start":{"line":31,"column":6},"end":{"line":31,"column":null}},"11":{"start":{"line":33,"column":6},"end":{"line":33,"column":null}},"12":{"start":{"line":34,"column":6},"end":{"line":34,"column":null}},"13":{"start":{"line":36,"column":4},"end":{"line":36,"column":null}},"14":{"start":{"line":39,"column":2},"end":{"line":48,"column":null}},"15":{"start":{"line":40,"column":26},"end":{"line":44,"column":null}},"16":{"start":{"line":41,"column":6},"end":{"line":43,"column":null}},"17":{"start":{"line":42,"column":8},"end":{"line":42,"column":null}},"18":{"start":{"line":46,"column":4},"end":{"line":46,"column":null}},"19":{"start":{"line":47,"column":4},"end":{"line":47,"column":null}},"20":{"start":{"line":47,"column":17},"end":{"line":47,"column":null}},"21":{"start":{"line":50,"column":23},"end":{"line":89,"column":null}},"22":{"start":{"line":51,"column":4},"end":{"line":51,"column":null}},"23":{"start":{"line":52,"column":4},"end":{"line":52,"column":null}},"24":{"start":{"line":54,"column":4},"end":{"line":57,"column":null}},"25":{"start":{"line":55,"column":6},"end":{"line":55,"column":null}},"26":{"start":{"line":56,"column":6},"end":{"line":56,"column":null}},"27":{"start":{"line":59,"column":4},"end":{"line":62,"column":null}},"28":{"start":{"line":60,"column":6},"end":{"line":60,"column":null}},"29":{"start":{"line":61,"column":6},"end":{"line":61,"column":null}},"30":{"start":{"line":64,"column":4},"end":{"line":64,"column":null}},"31":{"start":{"line":66,"column":4},"end":{"line":88,"column":null}},"32":{"start":{"line":67,"column":6},"end":{"line":81,"column":null}},"33":{"start":{"line":68,"column":45},"end":{"line":71,"column":null}},"34":{"start":{"line":72,"column":8},"end":{"line":72,"column":null}},"35":{"start":{"line":73,"column":8},"end":{"line":73,"column":null}},"36":{"start":{"line":75,"column":45},"end":{"line":78,"column":null}},"37":{"start":{"line":79,"column":8},"end":{"line":79,"column":null}},"38":{"start":{"line":80,"column":8},"end":{"line":80,"column":null}},"39":{"start":{"line":82,"column":6},"end":{"line":82,"column":null}},"40":{"start":{"line":84,"column":27},"end":{"line":84,"column":null}},"41":{"start":{"line":85,"column":6},"end":{"line":85,"column":null}},"42":{"start":{"line":87,"column":6},"end":{"line":87,"column":null}},"43":{"start":{"line":91,"column":30},"end":{"line":95,"column":null}},"44":{"start":{"line":92,"column":4},"end":{"line":94,"column":null}},"45":{"start":{"line":93,"column":6},"end":{"line":93,"column":null}},"46":{"start":{"line":97,"column":2},"end":{"line":177,"column":null}},"47":{"start":{"line":129,"column":31},"end":{"line":129,"column":null}},"48":{"start":{"line":143,"column":33},"end":{"line":143,"column":null}}},"fnMap":{"0":{"name":"CollectionDialog","decl":{"start":{"line":18,"column":24},"end":{"line":18,"column":41}},"loc":{"start":{"line":18,"column":89},"end":{"line":179,"column":null}},"line":18},"1":{"name":"(anonymous_1)","decl":{"start":{"line":28,"column":12},"end":{"line":28,"column":18}},"loc":{"start":{"line":28,"column":18},"end":{"line":37,"column":5}},"line":28},"2":{"name":"(anonymous_2)","decl":{"start":{"line":39,"column":12},"end":{"line":39,"column":18}},"loc":{"start":{"line":39,"column":18},"end":{"line":48,"column":5}},"line":39},"3":{"name":"(anonymous_3)","decl":{"start":{"line":40,"column":26},"end":{"line":40,"column":27}},"loc":{"start":{"line":40,"column":48},"end":{"line":44,"column":null}},"line":40},"4":{"name":"(anonymous_4)","decl":{"start":{"line":47,"column":11},"end":{"line":47,"column":17}},"loc":{"start":{"line":47,"column":17},"end":{"line":47,"column":null}},"line":47},"5":{"name":"(anonymous_5)","decl":{"start":{"line":50,"column":23},"end":{"line":50,"column":30}},"loc":{"start":{"line":50,"column":53},"end":{"line":89,"column":null}},"line":50},"6":{"name":"(anonymous_6)","decl":{"start":{"line":91,"column":30},"end":{"line":91,"column":31}},"loc":{"start":{"line":91,"column":55},"end":{"line":95,"column":null}},"line":91},"7":{"name":"(anonymous_7)","decl":{"start":{"line":129,"column":24},"end":{"line":129,"column":25}},"loc":{"start":{"line":129,"column":31},"end":{"line":129,"column":null}},"line":129},"8":{"name":"(anonymous_8)","decl":{"start":{"line":143,"column":26},"end":{"line":143,"column":27}},"loc":{"start":{"line":143,"column":33},"end":{"line":143,"column":null}},"line":143}},"branchMap":{"0":{"loc":{"start":{"line":29,"column":4},"end":{"line":35,"column":null}},"type":"if","locations":[{"start":{"line":29,"column":4},"end":{"line":35,"column":null}},{"start":{"line":32,"column":11},"end":{"line":35,"column":null}}],"line":29},"1":{"loc":{"start":{"line":41,"column":6},"end":{"line":43,"column":null}},"type":"if","locations":[{"start":{"line":41,"column":6},"end":{"line":43,"column":null}},{"start":{},"end":{}}],"line":41},"2":{"loc":{"start":{"line":54,"column":4},"end":{"line":57,"column":null}},"type":"if","locations":[{"start":{"line":54,"column":4},"end":{"line":57,"column":null}},{"start":{},"end":{}}],"line":54},"3":{"loc":{"start":{"line":59,"column":4},"end":{"line":62,"column":null}},"type":"if","locations":[{"start":{"line":59,"column":4},"end":{"line":62,"column":null}},{"start":{},"end":{}}],"line":59},"4":{"loc":{"start":{"line":67,"column":6},"end":{"line":81,"column":null}},"type":"if","locations":[{"start":{"line":67,"column":6},"end":{"line":81,"column":null}},{"start":{"line":74,"column":13},"end":{"line":81,"column":null}}],"line":67},"5":{"loc":{"start":{"line":67,"column":10},"end":{"line":67,"column":36}},"type":"binary-expr","locations":[{"start":{"line":67,"column":10},"end":{"line":67,"column":24}},{"start":{"line":67,"column":24},"end":{"line":67,"column":36}}],"line":67},"6":{"loc":{"start":{"line":84,"column":27},"end":{"line":84,"column":null}},"type":"cond-expr","locations":[{"start":{"line":84,"column":50},"end":{"line":84,"column":64}},{"start":{"line":84,"column":64},"end":{"line":84,"column":null}}],"line":84},"7":{"loc":{"start":{"line":92,"column":4},"end":{"line":94,"column":null}},"type":"if","locations":[{"start":{"line":92,"column":4},"end":{"line":94,"column":null}},{"start":{},"end":{}}],"line":92},"8":{"loc":{"start":{"line":108,"column":13},"end":{"line":108,"column":null}},"type":"cond-expr","locations":[{"start":{"line":108,"column":26},"end":{"line":108,"column":46}},{"start":{"line":108,"column":46},"end":{"line":108,"column":null}}],"line":108},"9":{"loc":{"start":{"line":152,"column":11},"end":{"line":155,"column":null}},"type":"binary-expr","locations":[{"start":{"line":152,"column":11},"end":{"line":152,"column":null}},{"start":{"line":153,"column":12},"end":{"line":155,"column":null}}],"line":152},"10":{"loc":{"start":{"line":172,"column":15},"end":{"line":172,"column":null}},"type":"cond-expr","locations":[{"start":{"line":172,"column":30},"end":{"line":172,"column":44}},{"start":{"line":172,"column":44},"end":{"line":172,"column":null}}],"line":172},"11":{"loc":{"start":{"line":172,"column":44},"end":{"line":172,"column":null}},"type":"cond-expr","locations":[{"start":{"line":172,"column":57},"end":{"line":172,"column":68}},{"start":{"line":172,"column":68},"end":{"line":172,"column":null}}],"line":172}},"s":{"0":0,"1":0,"2":0,"3":0,"4":0,"5":0,"6":0,"7":0,"8":0,"9":0,"10":0,"11":0,"12":0,"13":0,"14":0,"15":0,"16":0,"17":0,"18":0,"19":0,"20":0,"21":0,"22":0,"23":0,"24":0,"25":0,"26":0,"27":0,"28":0,"29":0,"30":0,"31":0,"32":0,"33":0,"34":0,"35":0,"36":0,"37":0,"38":0,"39":0,"40":0,"41":0,"42":0,"43":0,"44":0,"45":0,"46":0,"47":0,"48":0},"f":{"0":0,"1":0,"2":0,"3":0,"4":0,"5":0,"6":0,"7":0,"8":0},"b":{"0":[0,0],"1":[0,0],"2":[0,0],"3":[0,0],"4":[0,0],"5":[0,0],"6":[0,0],"7":[0,0],"8":[0,0],"9":[0,0],"10":[0,0],"11":[0,0]},"meta":{"lastBranch":12,"lastFunction":9,"lastStatement":49,"seen":{"f:18:24:18:41":0,"s:19:45:19:Infinity":0,"s:20:20:20:Infinity":1,"s:21:21:21:Infinity":2,"s:23:22:23:Infinity":3,"s:24:32:24:Infinity":4,"s:25:24:25:Infinity":5,"s:26:38:26:Infinity":6,"s:28:2:37:Infinity":7,"f:28:12:28:18":1,"b:29:4:35:Infinity:32:11:35:Infinity":0,"s:29:4:35:Infinity":8,"s:30:6:30:Infinity":9,"s:31:6:31:Infinity":10,"s:33:6:33:Infinity":11,"s:34:6:34:Infinity":12,"s:36:4:36:Infinity":13,"s:39:2:48:Infinity":14,"f:39:12:39:18":2,"s:40:26:44:Infinity":15,"f:40:26:40:27":3,"b:41:6:43:Infinity:undefined:undefined:undefined:undefined":1,"s:41:6:43:Infinity":16,"s:42:8:42:Infinity":17,"s:46:4:46:Infinity":18,"s:47:4:47:Infinity":19,"f:47:11:47:17":4,"s:47:17:47:Infinity":20,"s:50:23:89:Infinity":21,"f:50:23:50:30":5,"s:51:4:51:Infinity":22,"s:52:4:52:Infinity":23,"b:54:4:57:Infinity:undefined:undefined:undefined:undefined":2,"s:54:4:57:Infinity":24,"s:55:6:55:Infinity":25,"s:56:6:56:Infinity":26,"b:59:4:62:Infinity:undefined:undefined:undefined:undefined":3,"s:59:4:62:Infinity":27,"s:60:6:60:Infinity":28,"s:61:6:61:Infinity":29,"s:64:4:64:Infinity":30,"s:66:4:88:Infinity":31,"b:67:6:81:Infinity:74:13:81:Infinity":4,"s:67:6:81:Infinity":32,"b:67:10:67:24:67:24:67:36":5,"s:68:45:71:Infinity":33,"s:72:8:72:Infinity":34,"s:73:8:73:Infinity":35,"s:75:45:78:Infinity":36,"s:79:8:79:Infinity":37,"s:80:8:80:Infinity":38,"s:82:6:82:Infinity":39,"s:84:27:84:Infinity":40,"b:84:50:84:64:84:64:84:Infinity":6,"s:85:6:85:Infinity":41,"s:87:6:87:Infinity":42,"s:91:30:95:Infinity":43,"f:91:30:91:31":6,"b:92:4:94:Infinity:undefined:undefined:undefined:undefined":7,"s:92:4:94:Infinity":44,"s:93:6:93:Infinity":45,"s:97:2:177:Infinity":46,"b:108:26:108:46:108:46:108:Infinity":8,"f:129:24:129:25":7,"s:129:31:129:Infinity":47,"f:143:26:143:27":8,"s:143:33:143:Infinity":48,"b:152:11:152:Infinity:153:12:155:Infinity":9,"b:172:30:172:44:172:44:172:Infinity":10,"b:172:57:172:68:172:68:172:Infinity":11}}}
,"/home/josh/.opencode-worktrees/comic-pile/issue_371/frontend/src/components/CollectionToolbar.tsx": {"path":"/home/josh/.opencode-worktrees/comic-pile/issue_371/frontend/src/components/CollectionToolbar.tsx","statementMap":{"0":{"start":{"line":21,"column":83},"end":{"line":21,"column":null}},"1":{"start":{"line":23,"column":33},"end":{"line":25,"column":null}},"2":{"start":{"line":24,"column":4},"end":{"line":24,"column":null}},"3":{"start":{"line":27,"column":2},"end":{"line":33,"column":null}},"4":{"start":{"line":28,"column":4},"end":{"line":31,"column":null}},"5":{"start":{"line":35,"column":2},"end":{"line":43,"column":null}},"6":{"start":{"line":36,"column":4},"end":{"line":41,"column":null}},"7":{"start":{"line":45,"column":2},"end":{"line":73,"column":null}},"8":{"start":{"line":50,"column":27},"end":{"line":50,"column":null}},"9":{"start":{"line":56,"column":12},"end":{"line":59,"column":null}}},"fnMap":{"0":{"name":"CollectionToolbar","decl":{"start":{"line":20,"column":24},"end":{"line":20,"column":42}},"loc":{"start":{"line":20,"column":124},"end":{"line":75,"column":null}},"line":20},"1":{"name":"(anonymous_1)","decl":{"start":{"line":23,"column":33},"end":{"line":23,"column":34}},"loc":{"start":{"line":23,"column":66},"end":{"line":25,"column":null}},"line":23},"2":{"name":"(anonymous_2)","decl":{"start":{"line":50,"column":20},"end":{"line":50,"column":21}},"loc":{"start":{"line":50,"column":27},"end":{"line":50,"column":null}},"line":50},"3":{"name":"(anonymous_3)","decl":{"start":{"line":55,"column":27},"end":{"line":55,"column":28}},"loc":{"start":{"line":56,"column":12},"end":{"line":59,"column":null}},"line":56}},"branchMap":{"0":{"loc":{"start":{"line":20,"column":44},"end":{"line":20,"column":65}},"type":"default-arg","locations":[{"start":{"line":20,"column":59},"end":{"line":20,"column":65}}],"line":20},"1":{"loc":{"start":{"line":20,"column":65},"end":{"line":20,"column":81}},"type":"default-arg","locations":[{"start":{"line":20,"column":77},"end":{"line":20,"column":81}}],"line":20},"2":{"loc":{"start":{"line":27,"column":2},"end":{"line":33,"column":null}},"type":"if","locations":[{"start":{"line":27,"column":2},"end":{"line":33,"column":null}},{"start":{},"end":{}}],"line":27},"3":{"loc":{"start":{"line":35,"column":2},"end":{"line":43,"column":null}},"type":"if","locations":[{"start":{"line":35,"column":2},"end":{"line":43,"column":null}},{"start":{},"end":{}}],"line":35},"4":{"loc":{"start":{"line":49,"column":17},"end":{"line":49,"column":null}},"type":"binary-expr","locations":[{"start":{"line":49,"column":17},"end":{"line":49,"column":39}},{"start":{"line":49,"column":39},"end":{"line":49,"column":null}}],"line":49},"5":{"loc":{"start":{"line":50,"column":50},"end":{"line":50,"column":106}},"type":"cond-expr","locations":[{"start":{"line":50,"column":77},"end":{"line":50,"column":84}},{"start":{"line":50,"column":84},"end":{"line":50,"column":106}}],"line":50},"6":{"loc":{"start":{"line":58,"column":15},"end":{"line":58,"column":null}},"type":"cond-expr","locations":[{"start":{"line":58,"column":39},"end":{"line":58,"column":46}},{"start":{"line":58,"column":46},"end":{"line":58,"column":null}}],"line":58},"7":{"loc":{"start":{"line":62,"column":9},"end":{"line":70,"column":null}},"type":"binary-expr","locations":[{"start":{"line":62,"column":9},"end":{"line":62,"column":25}},{"start":{"line":62,"column":25},"end":{"line":62,"column":null}},{"start":{"line":63,"column":10},"end":{"line":70,"column":null}}],"line":62}},"s":{"0":158,"1":158,"2":2,"3":158,"4":1,"5":157,"6":1,"7":156,"8":2,"9":16},"f":{"0":158,"1":2,"2":2,"3":16},"b":{"0":[158],"1":[158],"2":[1,157],"3":[1,156],"4":[156,155],"5":[1,1],"6":[8,8],"7":[158,155,150]},"meta":{"lastBranch":8,"lastFunction":4,"lastStatement":10,"seen":{"f:20:24:20:42":0,"b:20:59:20:65":0,"b:20:77:20:81":1,"s:21:83:21:Infinity":0,"s:23:33:25:Infinity":1,"f:23:33:23:34":1,"s:24:4:24:Infinity":2,"b:27:2:33:Infinity:undefined:undefined:undefined:undefined":2,"s:27:2:33:Infinity":3,"s:28:4:31:Infinity":4,"b:35:2:43:Infinity:undefined:undefined:undefined:undefined":3,"s:35:2:43:Infinity":5,"s:36:4:41:Infinity":6,"s:45:2:73:Infinity":7,"b:49:17:49:39:49:39:49:Infinity":4,"f:50:20:50:21":2,"s:50:27:50:Infinity":8,"b:50:77:50:84:50:84:50:106":5,"f:55:27:55:28":3,"s:56:12:59:Infinity":9,"b:58:39:58:46:58:46:58:Infinity":6,"b:62:9:62:25:62:25:62:Infinity:63:10:70:Infinity":7}}}
,"/home/josh/.opencode-worktrees/comic-pile/issue_371/frontend/src/components/DependencyBuilder.tsx": {"path":"/home/josh/.opencode-worktrees/comic-pile/issue_371/frontend/src/components/DependencyBuilder.tsx","statementMap":{"0":{"start":{"line":12,"column":2},"end":{"line":12,"column":null}},"1":{"start":{"line":16,"column":17},"end":{"line":16,"column":null}},"2":{"start":{"line":17,"column":2},"end":{"line":23,"column":null}},"3":{"start":{"line":18,"column":18},"end":{"line":18,"column":null}},"4":{"start":{"line":19,"column":23},"end":{"line":19,"column":null}},"5":{"start":{"line":20,"column":21},"end":{"line":20,"column":null}},"6":{"start":{"line":21,"column":4},"end":{"line":21,"column":null}},"7":{"start":{"line":22,"column":4},"end":{"line":22,"column":null}},"8":{"start":{"line":24,"column":2},"end":{"line":24,"column":null}},"9":{"start":{"line":35,"column":42},"end":{"line":35,"column":null}},"10":{"start":{"line":36,"column":36},"end":{"line":36,"column":null}},"11":{"start":{"line":37,"column":40},"end":{"line":37,"column":null}},"12":{"start":{"line":38,"column":46},"end":{"line":38,"column":null}},"13":{"start":{"line":39,"column":36},"end":{"line":39,"column":null}},"14":{"start":{"line":40,"column":30},"end":{"line":40,"column":null}},"15":{"start":{"line":41,"column":24},"end":{"line":41,"column":null}},"16":{"start":{"line":42,"column":38},"end":{"line":42,"column":null}},"17":{"start":{"line":43,"column":40},"end":{"line":43,"column":null}},"18":{"start":{"line":44,"column":46},"end":{"line":44,"column":null}},"19":{"start":{"line":45,"column":36},"end":{"line":45,"column":null}},"20":{"start":{"line":46,"column":42},"end":{"line":46,"column":null}},"21":{"start":{"line":47,"column":46},"end":{"line":47,"column":null}},"22":{"start":{"line":48,"column":56},"end":{"line":48,"column":null}},"23":{"start":{"line":49,"column":52},"end":{"line":49,"column":null}},"24":{"start":{"line":50,"column":34},"end":{"line":50,"column":null}},"25":{"start":{"line":51,"column":40},"end":{"line":51,"column":null}},"26":{"start":{"line":52,"column":40},"end":{"line":52,"column":null}},"27":{"start":{"line":53,"column":38},"end":{"line":53,"column":null}},"28":{"start":{"line":54,"column":38},"end":{"line":54,"column":null}},"29":{"start":{"line":55,"column":56},"end":{"line":55,"column":null}},"30":{"start":{"line":56,"column":56},"end":{"line":56,"column":null}},"31":{"start":{"line":58,"column":52},"end":{"line":58,"column":null}},"32":{"start":{"line":59,"column":48},"end":{"line":59,"column":null}},"33":{"start":{"line":60,"column":42},"end":{"line":60,"column":null}},"34":{"start":{"line":61,"column":36},"end":{"line":61,"column":null}},"35":{"start":{"line":63,"column":8},"end":{"line":66,"column":null}},"36":{"start":{"line":64,"column":10},"end":{"line":64,"column":null}},"37":{"start":{"line":64,"column":44},"end":{"line":64,"column":77}},"38":{"start":{"line":68,"column":8},"end":{"line":80,"column":null}},"39":{"start":{"line":69,"column":4},"end":{"line":69,"column":null}},"40":{"start":{"line":69,"column":21},"end":{"line":69,"column":null}},"41":{"start":{"line":70,"column":4},"end":{"line":70,"column":null}},"42":{"start":{"line":71,"column":4},"end":{"line":71,"column":null}},"43":{"start":{"line":72,"column":4},"end":{"line":79,"column":null}},"44":{"start":{"line":73,"column":19},"end":{"line":73,"column":null}},"45":{"start":{"line":74,"column":6},"end":{"line":74,"column":null}},"46":{"start":{"line":76,"column":6},"end":{"line":76,"column":null}},"47":{"start":{"line":78,"column":6},"end":{"line":78,"column":null}},"48":{"start":{"line":87,"column":8},"end":{"line":188,"column":null}},"49":{"start":{"line":88,"column":4},"end":{"line":88,"column":null}},"50":{"start":{"line":88,"column":21},"end":{"line":88,"column":null}},"51":{"start":{"line":89,"column":4},"end":{"line":187,"column":null}},"52":{"start":{"line":90,"column":40},"end":{"line":93,"column":null}},"53":{"start":{"line":95,"column":25},"end":{"line":95,"column":null}},"54":{"start":{"line":96,"column":22},"end":{"line":96,"column":null}},"55":{"start":{"line":101,"column":48},"end":{"line":108,"column":null}},"56":{"start":{"line":102,"column":25},"end":{"line":102,"column":85}},"57":{"start":{"line":103,"column":23},"end":{"line":108,"column":10}},"58":{"start":{"line":111,"column":6},"end":{"line":114,"column":null}},"59":{"start":{"line":112,"column":8},"end":{"line":112,"column":null}},"60":{"start":{"line":113,"column":8},"end":{"line":113,"column":null}},"61":{"start":{"line":117,"column":28},"end":{"line":119,"column":null}},"62":{"start":{"line":118,"column":17},"end":{"line":118,"column":null}},"63":{"start":{"line":120,"column":27},"end":{"line":120,"column":null}},"64":{"start":{"line":121,"column":48},"end":{"line":121,"column":null}},"65":{"start":{"line":125,"column":6},"end":{"line":167,"column":null}},"66":{"start":{"line":126,"column":8},"end":{"line":126,"column":null}},"67":{"start":{"line":126,"column":54},"end":{"line":126,"column":null}},"68":{"start":{"line":127,"column":8},"end":{"line":127,"column":null}},"69":{"start":{"line":127,"column":68},"end":{"line":127,"column":null}},"70":{"start":{"line":130,"column":26},"end":{"line":130,"column":null}},"71":{"start":{"line":131,"column":8},"end":{"line":140,"column":null}},"72":{"start":{"line":132,"column":10},"end":{"line":139,"column":null}},"73":{"start":{"line":142,"column":26},"end":{"line":142,"column":null}},"74":{"start":{"line":143,"column":8},"end":{"line":152,"column":null}},"75":{"start":{"line":144,"column":10},"end":{"line":151,"column":null}},"76":{"start":{"line":154,"column":8},"end":{"line":162,"column":null}},"77":{"start":{"line":165,"column":8},"end":{"line":165,"column":null}},"78":{"start":{"line":166,"column":8},"end":{"line":166,"column":null}},"79":{"start":{"line":171,"column":23},"end":{"line":171,"column":null}},"80":{"start":{"line":173,"column":25},"end":{"line":173,"column":null}},"81":{"start":{"line":174,"column":29},"end":{"line":174,"column":null}},"82":{"start":{"line":174,"column":54},"end":{"line":174,"column":74}},"83":{"start":{"line":178,"column":6},"end":{"line":178,"column":null}},"84":{"start":{"line":179,"column":6},"end":{"line":179,"column":null}},"85":{"start":{"line":180,"column":6},"end":{"line":180,"column":null}},"86":{"start":{"line":181,"column":6},"end":{"line":181,"column":null}},"87":{"start":{"line":183,"column":6},"end":{"line":183,"column":null}},"88":{"start":{"line":184,"column":6},"end":{"line":184,"column":null}},"89":{"start":{"line":185,"column":6},"end":{"line":185,"column":null}},"90":{"start":{"line":186,"column":6},"end":{"line":186,"column":null}},"91":{"start":{"line":190,"column":2},"end":{"line":206,"column":null}},"92":{"start":{"line":191,"column":4},"end":{"line":191,"column":null}},"93":{"start":{"line":191,"column":32},"end":{"line":191,"column":null}},"94":{"start":{"line":192,"column":4},"end":{"line":192,"column":null}},"95":{"start":{"line":193,"column":4},"end":{"line":193,"column":null}},"96":{"start":{"line":194,"column":4},"end":{"line":194,"column":null}},"97":{"start":{"line":195,"column":4},"end":{"line":195,"column":null}},"98":{"start":{"line":196,"column":4},"end":{"line":196,"column":null}},"99":{"start":{"line":197,"column":4},"end":{"line":197,"column":null}},"100":{"start":{"line":198,"column":4},"end":{"line":198,"column":null}},"101":{"start":{"line":199,"column":4},"end":{"line":199,"column":null}},"102":{"start":{"line":200,"column":4},"end":{"line":200,"column":null}},"103":{"start":{"line":201,"column":4},"end":{"line":201,"column":null}},"104":{"start":{"line":202,"column":4},"end":{"line":202,"column":null}},"105":{"start":{"line":203,"column":4},"end":{"line":203,"column":null}},"106":{"start":{"line":204,"column":4},"end":{"line":204,"column":null}},"107":{"start":{"line":208,"column":2},"end":{"line":245,"column":null}},"108":{"start":{"line":209,"column":4},"end":{"line":209,"column":null}},"109":{"start":{"line":209,"column":17},"end":{"line":209,"column":null}},"110":{"start":{"line":210,"column":18},"end":{"line":210,"column":null}},"111":{"start":{"line":211,"column":4},"end":{"line":214,"column":null}},"112":{"start":{"line":212,"column":6},"end":{"line":212,"column":null}},"113":{"start":{"line":213,"column":6},"end":{"line":213,"column":null}},"114":{"start":{"line":216,"column":20},"end":{"line":216,"column":null}},"115":{"start":{"line":217,"column":20},"end":{"line":239,"column":null}},"116":{"start":{"line":218,"column":6},"end":{"line":218,"column":null}},"117":{"start":{"line":218,"column":22},"end":{"line":218,"column":null}},"118":{"start":{"line":219,"column":6},"end":{"line":219,"column":null}},"119":{"start":{"line":220,"column":6},"end":{"line":220,"column":null}},"120":{"start":{"line":221,"column":6},"end":{"line":238,"column":null}},"121":{"start":{"line":222,"column":27},"end":{"line":222,"column":null}},"122":{"start":{"line":223,"column":8},"end":{"line":223,"column":null}},"123":{"start":{"line":223,"column":24},"end":{"line":223,"column":null}},"124":{"start":{"line":224,"column":32},"end":{"line":224,"column":null}},"125":{"start":{"line":226,"column":10},"end":{"line":228,"column":null}},"126":{"start":{"line":228,"column":47},"end":{"line":228,"column":79}},"127":{"start":{"line":229,"column":8},"end":{"line":229,"column":null}},"128":{"start":{"line":231,"column":8},"end":{"line":231,"column":null}},"129":{"start":{"line":231,"column":24},"end":{"line":231,"column":null}},"130":{"start":{"line":232,"column":8},"end":{"line":232,"column":null}},"131":{"start":{"line":233,"column":8},"end":{"line":233,"column":null}},"132":{"start":{"line":235,"column":8},"end":{"line":237,"column":null}},"133":{"start":{"line":236,"column":10},"end":{"line":236,"column":null}},"134":{"start":{"line":241,"column":4},"end":{"line":244,"column":null}},"135":{"start":{"line":242,"column":6},"end":{"line":242,"column":null}},"136":{"start":{"line":243,"column":6},"end":{"line":243,"column":null}},"137":{"start":{"line":248,"column":8},"end":{"line":251,"column":null}},"138":{"start":{"line":249,"column":4},"end":{"line":249,"column":null}},"139":{"start":{"line":249,"column":55},"end":{"line":249,"column":null}},"140":{"start":{"line":250,"column":4},"end":{"line":250,"column":null}},"141":{"start":{"line":253,"column":2},"end":{"line":306,"column":null}},"142":{"start":{"line":254,"column":4},"end":{"line":260,"column":null}},"143":{"start":{"line":255,"column":6},"end":{"line":255,"column":null}},"144":{"start":{"line":256,"column":6},"end":{"line":256,"column":null}},"145":{"start":{"line":257,"column":6},"end":{"line":257,"column":null}},"146":{"start":{"line":258,"column":6},"end":{"line":258,"column":null}},"147":{"start":{"line":259,"column":6},"end":{"line":259,"column":null}},"148":{"start":{"line":263,"column":4},"end":{"line":269,"column":null}},"149":{"start":{"line":264,"column":6},"end":{"line":264,"column":null}},"150":{"start":{"line":265,"column":6},"end":{"line":265,"column":null}},"151":{"start":{"line":266,"column":6},"end":{"line":266,"column":null}},"152":{"start":{"line":267,"column":6},"end":{"line":267,"column":null}},"153":{"start":{"line":268,"column":6},"end":{"line":268,"column":null}},"154":{"start":{"line":271,"column":20},"end":{"line":271,"column":null}},"155":{"start":{"line":272,"column":24},"end":{"line":299,"column":null}},"156":{"start":{"line":273,"column":6},"end":{"line":273,"column":null}},"157":{"start":{"line":274,"column":6},"end":{"line":274,"column":null}},"158":{"start":{"line":275,"column":6},"end":{"line":275,"column":null}},"159":{"start":{"line":276,"column":6},"end":{"line":298,"column":null}},"160":{"start":{"line":277,"column":41},"end":{"line":280,"column":null}},"161":{"start":{"line":281,"column":8},"end":{"line":281,"column":null}},"162":{"start":{"line":281,"column":24},"end":{"line":281,"column":null}},"163":{"start":{"line":282,"column":8},"end":{"line":282,"column":null}},"164":{"start":{"line":283,"column":8},"end":{"line":283,"column":null}},"165":{"start":{"line":284,"column":8},"end":{"line":284,"column":null}},"166":{"start":{"line":284,"column":56},"end":{"line":284,"column":77}},"167":{"start":{"line":285,"column":8},"end":{"line":285,"column":null}},"168":{"start":{"line":285,"column":56},"end":{"line":285,"column":77}},"169":{"start":{"line":287,"column":8},"end":{"line":287,"column":null}},"170":{"start":{"line":287,"column":24},"end":{"line":287,"column":null}},"171":{"start":{"line":288,"column":8},"end":{"line":288,"column":null}},"172":{"start":{"line":289,"column":8},"end":{"line":289,"column":null}},"173":{"start":{"line":290,"column":8},"end":{"line":290,"column":null}},"174":{"start":{"line":291,"column":8},"end":{"line":291,"column":null}},"175":{"start":{"line":292,"column":8},"end":{"line":292,"column":null}},"176":{"start":{"line":294,"column":8},"end":{"line":297,"column":null}},"177":{"start":{"line":295,"column":10},"end":{"line":295,"column":null}},"178":{"start":{"line":296,"column":10},"end":{"line":296,"column":null}},"179":{"start":{"line":301,"column":4},"end":{"line":301,"column":null}},"180":{"start":{"line":303,"column":4},"end":{"line":305,"column":null}},"181":{"start":{"line":304,"column":6},"end":{"line":304,"column":null}},"182":{"start":{"line":309,"column":4},"end":{"line":309,"column":null}},"183":{"start":{"line":310,"column":4},"end":{"line":310,"column":null}},"184":{"start":{"line":310,"column":27},"end":{"line":310,"column":null}},"185":{"start":{"line":311,"column":4},"end":{"line":314,"column":null}},"186":{"start":{"line":312,"column":6},"end":{"line":312,"column":null}},"187":{"start":{"line":313,"column":6},"end":{"line":313,"column":null}},"188":{"start":{"line":315,"column":21},"end":{"line":315,"column":null}},"189":{"start":{"line":316,"column":18},"end":{"line":316,"column":null}},"190":{"start":{"line":317,"column":4},"end":{"line":328,"column":null}},"191":{"start":{"line":326,"column":6},"end":{"line":326,"column":null}},"192":{"start":{"line":327,"column":6},"end":{"line":327,"column":null}},"193":{"start":{"line":330,"column":4},"end":{"line":330,"column":null}},"194":{"start":{"line":331,"column":4},"end":{"line":331,"column":null}},"195":{"start":{"line":332,"column":4},"end":{"line":345,"column":null}},"196":{"start":{"line":333,"column":28},"end":{"line":333,"column":null}},"197":{"start":{"line":335,"column":6},"end":{"line":337,"column":null}},"198":{"start":{"line":336,"column":8},"end":{"line":336,"column":null}},"199":{"start":{"line":336,"column":25},"end":{"line":336,"column":71}},"200":{"start":{"line":338,"column":6},"end":{"line":338,"column":null}},"201":{"start":{"line":339,"column":6},"end":{"line":339,"column":null}},"202":{"start":{"line":340,"column":6},"end":{"line":340,"column":null}},"203":{"start":{"line":342,"column":6},"end":{"line":342,"column":null}},"204":{"start":{"line":344,"column":6},"end":{"line":344,"column":null}},"205":{"start":{"line":349,"column":4},"end":{"line":349,"column":null}},"206":{"start":{"line":349,"column":42},"end":{"line":349,"column":null}},"207":{"start":{"line":351,"column":35},"end":{"line":351,"column":null}},"208":{"start":{"line":352,"column":4},"end":{"line":355,"column":null}},"209":{"start":{"line":353,"column":6},"end":{"line":353,"column":null}},"210":{"start":{"line":354,"column":6},"end":{"line":354,"column":null}},"211":{"start":{"line":357,"column":4},"end":{"line":360,"column":null}},"212":{"start":{"line":358,"column":6},"end":{"line":358,"column":null}},"213":{"start":{"line":359,"column":6},"end":{"line":359,"column":null}},"214":{"start":{"line":362,"column":4},"end":{"line":362,"column":null}},"215":{"start":{"line":363,"column":4},"end":{"line":363,"column":null}},"216":{"start":{"line":364,"column":4},"end":{"line":394,"column":null}},"217":{"start":{"line":365,"column":6},"end":{"line":379,"column":null}},"218":{"start":{"line":366,"column":8},"end":{"line":371,"column":null}},"219":{"start":{"line":373,"column":8},"end":{"line":378,"column":null}},"220":{"start":{"line":380,"column":6},"end":{"line":380,"column":null}},"221":{"start":{"line":381,"column":6},"end":{"line":381,"column":null}},"222":{"start":{"line":382,"column":6},"end":{"line":382,"column":null}},"223":{"start":{"line":383,"column":6},"end":{"line":383,"column":null}},"224":{"start":{"line":384,"column":6},"end":{"line":384,"column":null}},"225":{"start":{"line":385,"column":6},"end":{"line":385,"column":null}},"226":{"start":{"line":386,"column":6},"end":{"line":386,"column":null}},"227":{"start":{"line":387,"column":6},"end":{"line":387,"column":null}},"228":{"start":{"line":388,"column":6},"end":{"line":388,"column":null}},"229":{"start":{"line":389,"column":6},"end":{"line":389,"column":null}},"230":{"start":{"line":391,"column":6},"end":{"line":391,"column":null}},"231":{"start":{"line":393,"column":6},"end":{"line":393,"column":null}},"232":{"start":{"line":398,"column":4},"end":{"line":398,"column":null}},"233":{"start":{"line":399,"column":4},"end":{"line":406,"column":null}},"234":{"start":{"line":400,"column":6},"end":{"line":400,"column":null}},"235":{"start":{"line":401,"column":6},"end":{"line":401,"column":null}},"236":{"start":{"line":402,"column":6},"end":{"line":402,"column":null}},"237":{"start":{"line":403,"column":6},"end":{"line":403,"column":null}},"238":{"start":{"line":405,"column":6},"end":{"line":405,"column":null}},"239":{"start":{"line":409,"column":8},"end":{"line":416,"column":null}},"240":{"start":{"line":410,"column":4},"end":{"line":410,"column":null}},"241":{"start":{"line":411,"column":4},"end":{"line":415,"column":null}},"242":{"start":{"line":412,"column":6},"end":{"line":412,"column":null}},"243":{"start":{"line":414,"column":6},"end":{"line":414,"column":null}},"244":{"start":{"line":419,"column":4},"end":{"line":425,"column":null}},"245":{"start":{"line":420,"column":19},"end":{"line":420,"column":null}},"246":{"start":{"line":421,"column":6},"end":{"line":423,"column":null}},"247":{"start":{"line":422,"column":8},"end":{"line":422,"column":null}},"248":{"start":{"line":424,"column":6},"end":{"line":424,"column":null}},"249":{"start":{"line":429,"column":4},"end":{"line":429,"column":null}},"250":{"start":{"line":430,"column":4},"end":{"line":432,"column":null}},"251":{"start":{"line":431,"column":6},"end":{"line":431,"column":null}},"252":{"start":{"line":436,"column":4},"end":{"line":438,"column":null}},"253":{"start":{"line":437,"column":6},"end":{"line":437,"column":null}},"254":{"start":{"line":441,"column":2},"end":{"line":744,"column":null}},"255":{"start":{"line":461,"column":35},"end":{"line":461,"column":null}},"256":{"start":{"line":472,"column":35},"end":{"line":472,"column":null}},"257":{"start":{"line":509,"column":29},"end":{"line":509,"column":null}},"258":{"start":{"line":520,"column":29},"end":{"line":520,"column":null}},"259":{"start":{"line":545,"column":33},"end":{"line":545,"column":null}},"260":{"start":{"line":556,"column":16},"end":{"line":565,"column":null}},"261":{"start":{"line":559,"column":33},"end":{"line":559,"column":null}},"262":{"start":{"line":579,"column":34},"end":{"line":579,"column":null}},"263":{"start":{"line":594,"column":43},"end":{"line":594,"column":null}},"264":{"start":{"line":606,"column":43},"end":{"line":606,"column":null}},"265":{"start":{"line":637,"column":44},"end":{"line":637,"column":null}},"266":{"start":{"line":642,"column":26},"end":{"line":644,"column":null}},"267":{"start":{"line":655,"column":44},"end":{"line":655,"column":null}},"268":{"start":{"line":660,"column":26},"end":{"line":662,"column":null}},"269":{"start":{"line":684,"column":63},"end":{"line":684,"column":85}},"270":{"start":{"line":684,"column":167},"end":{"line":684,"column":189}},"271":{"start":{"line":698,"column":14},"end":{"line":709,"column":null}},"272":{"start":{"line":701,"column":18},"end":{"line":707,"column":null}},"273":{"start":{"line":722,"column":14},"end":{"line":733,"column":null}},"274":{"start":{"line":725,"column":18},"end":{"line":731,"column":null}},"275":{"start":{"line":756,"column":2},"end":{"line":769,"column":null}},"276":{"start":{"line":764,"column":23},"end":{"line":764,"column":null}}},"fnMap":{"0":{"name":"getDefaultDependencyMode","decl":{"start":{"line":11,"column":9},"end":{"line":11,"column":34}},"loc":{"start":{"line":11,"column":77},"end":{"line":13,"column":null}},"line":11},"1":{"name":"groupByThread","decl":{"start":{"line":15,"column":9},"end":{"line":15,"column":23}},"loc":{"start":{"line":15,"column":113},"end":{"line":25,"column":null}},"line":15},"2":{"name":"DependencyBuilder","decl":{"start":{"line":34,"column":24},"end":{"line":34,"column":42}},"loc":{"start":{"line":34,"column":106},"end":{"line":746,"column":null}},"line":34},"3":{"name":"(anonymous_3)","decl":{"start":{"line":64,"column":4},"end":{"line":64,"column":10}},"loc":{"start":{"line":64,"column":10},"end":{"line":64,"column":null}},"line":64},"4":{"name":"(anonymous_4)","decl":{"start":{"line":64,"column":29},"end":{"line":64,"column":30}},"loc":{"start":{"line":64,"column":44},"end":{"line":64,"column":77}},"line":64},"5":{"name":"(anonymous_5)","decl":{"start":{"line":68,"column":39},"end":{"line":68,"column":51}},"loc":{"start":{"line":68,"column":51},"end":{"line":80,"column":5}},"line":68},"6":{"name":"(anonymous_6)","decl":{"start":{"line":87,"column":40},"end":{"line":87,"column":52}},"loc":{"start":{"line":87,"column":52},"end":{"line":188,"column":5}},"line":87},"7":{"name":"(anonymous_7)","decl":{"start":{"line":102,"column":16},"end":{"line":102,"column":17}},"loc":{"start":{"line":102,"column":25},"end":{"line":102,"column":85}},"line":102},"8":{"name":"(anonymous_8)","decl":{"start":{"line":103,"column":13},"end":{"line":103,"column":14}},"loc":{"start":{"line":103,"column":23},"end":{"line":108,"column":10}},"line":103},"9":{"name":"(anonymous_9)","decl":{"start":{"line":118,"column":8},"end":{"line":118,"column":9}},"loc":{"start":{"line":118,"column":17},"end":{"line":118,"column":null}},"line":118},"10":{"name":"(anonymous_10)","decl":{"start":{"line":174,"column":47},"end":{"line":174,"column":48}},"loc":{"start":{"line":174,"column":54},"end":{"line":174,"column":74}},"line":174},"11":{"name":"(anonymous_11)","decl":{"start":{"line":190,"column":12},"end":{"line":190,"column":18}},"loc":{"start":{"line":190,"column":18},"end":{"line":206,"column":5}},"line":190},"12":{"name":"(anonymous_12)","decl":{"start":{"line":208,"column":12},"end":{"line":208,"column":18}},"loc":{"start":{"line":208,"column":18},"end":{"line":245,"column":5}},"line":208},"13":{"name":"(anonymous_13)","decl":{"start":{"line":217,"column":31},"end":{"line":217,"column":43}},"loc":{"start":{"line":217,"column":43},"end":{"line":239,"column":7}},"line":217},"14":{"name":"(anonymous_14)","decl":{"start":{"line":228,"column":32},"end":{"line":228,"column":33}},"loc":{"start":{"line":228,"column":47},"end":{"line":228,"column":79}},"line":228},"15":{"name":"(anonymous_15)","decl":{"start":{"line":241,"column":11},"end":{"line":241,"column":17}},"loc":{"start":{"line":241,"column":17},"end":{"line":244,"column":null}},"line":241},"16":{"name":"(anonymous_16)","decl":{"start":{"line":248,"column":47},"end":{"line":248,"column":53}},"loc":{"start":{"line":248,"column":53},"end":{"line":251,"column":5}},"line":248},"17":{"name":"(anonymous_17)","decl":{"start":{"line":253,"column":12},"end":{"line":253,"column":18}},"loc":{"start":{"line":253,"column":18},"end":{"line":306,"column":5}},"line":253},"18":{"name":"(anonymous_18)","decl":{"start":{"line":272,"column":24},"end":{"line":272,"column":36}},"loc":{"start":{"line":272,"column":36},"end":{"line":299,"column":null}},"line":272},"19":{"name":"(anonymous_19)","decl":{"start":{"line":284,"column":49},"end":{"line":284,"column":50}},"loc":{"start":{"line":284,"column":56},"end":{"line":284,"column":77}},"line":284},"20":{"name":"(anonymous_20)","decl":{"start":{"line":285,"column":49},"end":{"line":285,"column":50}},"loc":{"start":{"line":285,"column":56},"end":{"line":285,"column":77}},"line":285},"21":{"name":"(anonymous_21)","decl":{"start":{"line":303,"column":11},"end":{"line":303,"column":17}},"loc":{"start":{"line":303,"column":17},"end":{"line":305,"column":null}},"line":303},"22":{"name":"handleInlineMigration","decl":{"start":{"line":308,"column":17},"end":{"line":308,"column":39}},"loc":{"start":{"line":308,"column":53},"end":{"line":346,"column":null}},"line":308},"23":{"name":"(anonymous_23)","decl":{"start":{"line":335,"column":23},"end":{"line":335,"column":24}},"loc":{"start":{"line":336,"column":8},"end":{"line":336,"column":null}},"line":336},"24":{"name":"(anonymous_24)","decl":{"start":{"line":336,"column":17},"end":{"line":336,"column":18}},"loc":{"start":{"line":336,"column":25},"end":{"line":336,"column":71}},"line":336},"25":{"name":"handleCreateDependency","decl":{"start":{"line":348,"column":17},"end":{"line":348,"column":42}},"loc":{"start":{"line":348,"column":42},"end":{"line":395,"column":null}},"line":348},"26":{"name":"handleDeleteDependency","decl":{"start":{"line":397,"column":17},"end":{"line":397,"column":40}},"loc":{"start":{"line":397,"column":62},"end":{"line":407,"column":null}},"line":397},"27":{"name":"(anonymous_27)","decl":{"start":{"line":409,"column":39},"end":{"line":409,"column":51}},"loc":{"start":{"line":409,"column":51},"end":{"line":416,"column":5}},"line":409},"28":{"name":"handleToggleReadingOrder","decl":{"start":{"line":418,"column":11},"end":{"line":418,"column":38}},"loc":{"start":{"line":418,"column":38},"end":{"line":426,"column":null}},"line":418},"29":{"name":"(anonymous_29)","decl":{"start":{"line":419,"column":24},"end":{"line":419,"column":25}},"loc":{"start":{"line":419,"column":34},"end":{"line":425,"column":5}},"line":419},"30":{"name":"handleSelectReadingView","decl":{"start":{"line":428,"column":17},"end":{"line":428,"column":41}},"loc":{"start":{"line":428,"column":69},"end":{"line":433,"column":null}},"line":428},"31":{"name":"refreshGraphIfVisible","decl":{"start":{"line":435,"column":17},"end":{"line":435,"column":41}},"loc":{"start":{"line":435,"column":41},"end":{"line":439,"column":null}},"line":435},"32":{"name":"(anonymous_32)","decl":{"start":{"line":461,"column":29},"end":{"line":461,"column":35}},"loc":{"start":{"line":461,"column":35},"end":{"line":461,"column":null}},"line":461},"33":{"name":"(anonymous_33)","decl":{"start":{"line":472,"column":29},"end":{"line":472,"column":35}},"loc":{"start":{"line":472,"column":35},"end":{"line":472,"column":null}},"line":472},"34":{"name":"(anonymous_34)","decl":{"start":{"line":509,"column":23},"end":{"line":509,"column":29}},"loc":{"start":{"line":509,"column":29},"end":{"line":509,"column":null}},"line":509},"35":{"name":"(anonymous_35)","decl":{"start":{"line":520,"column":23},"end":{"line":520,"column":29}},"loc":{"start":{"line":520,"column":29},"end":{"line":520,"column":null}},"line":520},"36":{"name":"(anonymous_36)","decl":{"start":{"line":545,"column":22},"end":{"line":545,"column":23}},"loc":{"start":{"line":545,"column":33},"end":{"line":545,"column":null}},"line":545},"37":{"name":"(anonymous_37)","decl":{"start":{"line":555,"column":33},"end":{"line":555,"column":34}},"loc":{"start":{"line":556,"column":16},"end":{"line":565,"column":null}},"line":556},"38":{"name":"(anonymous_38)","decl":{"start":{"line":559,"column":27},"end":{"line":559,"column":33}},"loc":{"start":{"line":559,"column":33},"end":{"line":559,"column":null}},"line":559},"39":{"name":"(anonymous_39)","decl":{"start":{"line":579,"column":28},"end":{"line":579,"column":34}},"loc":{"start":{"line":579,"column":34},"end":{"line":579,"column":null}},"line":579},"40":{"name":"(anonymous_40)","decl":{"start":{"line":594,"column":36},"end":{"line":594,"column":37}},"loc":{"start":{"line":594,"column":43},"end":{"line":594,"column":null}},"line":594},"41":{"name":"(anonymous_41)","decl":{"start":{"line":606,"column":36},"end":{"line":606,"column":37}},"loc":{"start":{"line":606,"column":43},"end":{"line":606,"column":null}},"line":606},"42":{"name":"(anonymous_42)","decl":{"start":{"line":637,"column":33},"end":{"line":637,"column":34}},"loc":{"start":{"line":637,"column":44},"end":{"line":637,"column":null}},"line":637},"43":{"name":"(anonymous_43)","decl":{"start":{"line":641,"column":42},"end":{"line":641,"column":43}},"loc":{"start":{"line":642,"column":26},"end":{"line":644,"column":null}},"line":642},"44":{"name":"(anonymous_44)","decl":{"start":{"line":655,"column":33},"end":{"line":655,"column":34}},"loc":{"start":{"line":655,"column":44},"end":{"line":655,"column":null}},"line":655},"45":{"name":"(anonymous_45)","decl":{"start":{"line":659,"column":42},"end":{"line":659,"column":43}},"loc":{"start":{"line":660,"column":26},"end":{"line":662,"column":null}},"line":660},"46":{"name":"(anonymous_46)","decl":{"start":{"line":684,"column":56},"end":{"line":684,"column":57}},"loc":{"start":{"line":684,"column":63},"end":{"line":684,"column":85}},"line":684},"47":{"name":"(anonymous_47)","decl":{"start":{"line":684,"column":160},"end":{"line":684,"column":161}},"loc":{"start":{"line":684,"column":167},"end":{"line":684,"column":189}},"line":684},"48":{"name":"(anonymous_48)","decl":{"start":{"line":697,"column":83},"end":{"line":697,"column":84}},"loc":{"start":{"line":698,"column":14},"end":{"line":709,"column":null}},"line":698},"49":{"name":"(anonymous_49)","decl":{"start":{"line":700,"column":26},"end":{"line":700,"column":27}},"loc":{"start":{"line":701,"column":18},"end":{"line":707,"column":null}},"line":701},"50":{"name":"(anonymous_50)","decl":{"start":{"line":721,"column":81},"end":{"line":721,"column":82}},"loc":{"start":{"line":722,"column":14},"end":{"line":733,"column":null}},"line":722},"51":{"name":"(anonymous_51)","decl":{"start":{"line":724,"column":26},"end":{"line":724,"column":27}},"loc":{"start":{"line":725,"column":18},"end":{"line":731,"column":null}},"line":725},"52":{"name":"DependencyRow","decl":{"start":{"line":755,"column":9},"end":{"line":755,"column":23}},"loc":{"start":{"line":755,"column":88},"end":{"line":771,"column":null}},"line":755},"53":{"name":"(anonymous_53)","decl":{"start":{"line":764,"column":17},"end":{"line":764,"column":23}},"loc":{"start":{"line":764,"column":23},"end":{"line":764,"column":null}},"line":764}},"branchMap":{"0":{"loc":{"start":{"line":12,"column":9},"end":{"line":12,"column":null}},"type":"cond-expr","locations":[{"start":{"line":12,"column":40},"end":{"line":12,"column":50}},{"start":{"line":12,"column":50},"end":{"line":12,"column":null}}],"line":12},"1":{"loc":{"start":{"line":18,"column":18},"end":{"line":18,"column":null}},"type":"binary-expr","locations":[{"start":{"line":18,"column":18},"end":{"line":18,"column":35}},{"start":{"line":18,"column":35},"end":{"line":18,"column":null}}],"line":18},"2":{"loc":{"start":{"line":19,"column":23},"end":{"line":19,"column":null}},"type":"cond-expr","locations":[{"start":{"line":19,"column":44},"end":{"line":19,"column":74}},{"start":{"line":19,"column":74},"end":{"line":19,"column":null}}],"line":19},"3":{"loc":{"start":{"line":20,"column":21},"end":{"line":20,"column":null}},"type":"binary-expr","locations":[{"start":{"line":20,"column":21},"end":{"line":20,"column":47}},{"start":{"line":20,"column":47},"end":{"line":20,"column":null}}],"line":20},"4":{"loc":{"start":{"line":64,"column":10},"end":{"line":64,"column":null}},"type":"binary-expr","locations":[{"start":{"line":64,"column":10},"end":{"line":64,"column":82}},{"start":{"line":64,"column":82},"end":{"line":64,"column":null}}],"line":64},"5":{"loc":{"start":{"line":69,"column":4},"end":{"line":69,"column":null}},"type":"if","locations":[{"start":{"line":69,"column":4},"end":{"line":69,"column":null}},{"start":{},"end":{}}],"line":69},"6":{"loc":{"start":{"line":88,"column":4},"end":{"line":88,"column":null}},"type":"if","locations":[{"start":{"line":88,"column":4},"end":{"line":88,"column":null}},{"start":{},"end":{}}],"line":88},"7":{"loc":{"start":{"line":102,"column":25},"end":{"line":102,"column":85}},"type":"binary-expr","locations":[{"start":{"line":102,"column":25},"end":{"line":102,"column":57}},{"start":{"line":102,"column":57},"end":{"line":102,"column":85}}],"line":102},"8":{"loc":{"start":{"line":118,"column":17},"end":{"line":118,"column":null}},"type":"binary-expr","locations":[{"start":{"line":118,"column":17},"end":{"line":118,"column":49}},{"start":{"line":118,"column":49},"end":{"line":118,"column":null}}],"line":118},"9":{"loc":{"start":{"line":126,"column":8},"end":{"line":126,"column":null}},"type":"if","locations":[{"start":{"line":126,"column":8},"end":{"line":126,"column":null}},{"start":{},"end":{}}],"line":126},"10":{"loc":{"start":{"line":126,"column":12},"end":{"line":126,"column":54}},"type":"binary-expr","locations":[{"start":{"line":126,"column":12},"end":{"line":126,"column":34}},{"start":{"line":126,"column":34},"end":{"line":126,"column":54}}],"line":126},"11":{"loc":{"start":{"line":127,"column":8},"end":{"line":127,"column":null}},"type":"if","locations":[{"start":{"line":127,"column":8},"end":{"line":127,"column":null}},{"start":{},"end":{}}],"line":127},"12":{"loc":{"start":{"line":127,"column":12},"end":{"line":127,"column":68}},"type":"binary-expr","locations":[{"start":{"line":127,"column":12},"end":{"line":127,"column":41}},{"start":{"line":127,"column":41},"end":{"line":127,"column":68}}],"line":127},"13":{"loc":{"start":{"line":131,"column":8},"end":{"line":140,"column":null}},"type":"if","locations":[{"start":{"line":131,"column":8},"end":{"line":140,"column":null}},{"start":{},"end":{}}],"line":131},"14":{"loc":{"start":{"line":134,"column":19},"end":{"line":134,"column":null}},"type":"binary-expr","locations":[{"start":{"line":134,"column":19},"end":{"line":134,"column":37}},{"start":{"line":134,"column":37},"end":{"line":134,"column":null}}],"line":134},"15":{"loc":{"start":{"line":143,"column":8},"end":{"line":152,"column":null}},"type":"if","locations":[{"start":{"line":143,"column":8},"end":{"line":152,"column":null}},{"start":{},"end":{}}],"line":143},"16":{"loc":{"start":{"line":146,"column":19},"end":{"line":146,"column":null}},"type":"binary-expr","locations":[{"start":{"line":146,"column":19},"end":{"line":146,"column":37}},{"start":{"line":146,"column":37},"end":{"line":146,"column":null}}],"line":146},"17":{"loc":{"start":{"line":191,"column":4},"end":{"line":191,"column":null}},"type":"if","locations":[{"start":{"line":191,"column":4},"end":{"line":191,"column":null}},{"start":{},"end":{}}],"line":191},"18":{"loc":{"start":{"line":191,"column":8},"end":{"line":191,"column":32}},"type":"binary-expr","locations":[{"start":{"line":191,"column":8},"end":{"line":191,"column":19}},{"start":{"line":191,"column":19},"end":{"line":191,"column":32}}],"line":191},"19":{"loc":{"start":{"line":209,"column":4},"end":{"line":209,"column":null}},"type":"if","locations":[{"start":{"line":209,"column":4},"end":{"line":209,"column":null}},{"start":{},"end":{}}],"line":209},"20":{"loc":{"start":{"line":211,"column":4},"end":{"line":214,"column":null}},"type":"if","locations":[{"start":{"line":211,"column":4},"end":{"line":214,"column":null}},{"start":{},"end":{}}],"line":211},"21":{"loc":{"start":{"line":218,"column":6},"end":{"line":218,"column":null}},"type":"if","locations":[{"start":{"line":218,"column":6},"end":{"line":218,"column":null}},{"start":{},"end":{}}],"line":218},"22":{"loc":{"start":{"line":223,"column":8},"end":{"line":223,"column":null}},"type":"if","locations":[{"start":{"line":223,"column":8},"end":{"line":223,"column":null}},{"start":{},"end":{}}],"line":223},"23":{"loc":{"start":{"line":226,"column":10},"end":{"line":228,"column":null}},"type":"cond-expr","locations":[{"start":{"line":227,"column":14},"end":{"line":227,"column":null}},{"start":{"line":228,"column":14},"end":{"line":228,"column":null}}],"line":226},"24":{"loc":{"start":{"line":231,"column":8},"end":{"line":231,"column":null}},"type":"if","locations":[{"start":{"line":231,"column":8},"end":{"line":231,"column":null}},{"start":{},"end":{}}],"line":231},"25":{"loc":{"start":{"line":235,"column":8},"end":{"line":237,"column":null}},"type":"if","locations":[{"start":{"line":235,"column":8},"end":{"line":237,"column":null}},{"start":{},"end":{}}],"line":235},"26":{"loc":{"start":{"line":249,"column":4},"end":{"line":249,"column":null}},"type":"if","locations":[{"start":{"line":249,"column":4},"end":{"line":249,"column":null}},{"start":{},"end":{}}],"line":249},"27":{"loc":{"start":{"line":249,"column":8},"end":{"line":249,"column":55}},"type":"binary-expr","locations":[{"start":{"line":249,"column":8},"end":{"line":249,"column":38}},{"start":{"line":249,"column":38},"end":{"line":249,"column":55}}],"line":249},"28":{"loc":{"start":{"line":250,"column":11},"end":{"line":250,"column":null}},"type":"binary-expr","locations":[{"start":{"line":250,"column":11},"end":{"line":250,"column":51}},{"start":{"line":250,"column":51},"end":{"line":250,"column":null}}],"line":250},"29":{"loc":{"start":{"line":254,"column":4},"end":{"line":260,"column":null}},"type":"if","locations":[{"start":{"line":254,"column":4},"end":{"line":260,"column":null}},{"start":{},"end":{}}],"line":254},"30":{"loc":{"start":{"line":254,"column":8},"end":{"line":254,"column":83}},"type":"binary-expr","locations":[{"start":{"line":254,"column":8},"end":{"line":254,"column":19}},{"start":{"line":254,"column":19},"end":{"line":254,"column":49}},{"start":{"line":254,"column":49},"end":{"line":254,"column":70}},{"start":{"line":254,"column":70},"end":{"line":254,"column":83}}],"line":254},"31":{"loc":{"start":{"line":263,"column":4},"end":{"line":269,"column":null}},"type":"if","locations":[{"start":{"line":263,"column":4},"end":{"line":269,"column":null}},{"start":{},"end":{}}],"line":263},"32":{"loc":{"start":{"line":281,"column":8},"end":{"line":281,"column":null}},"type":"if","locations":[{"start":{"line":281,"column":8},"end":{"line":281,"column":null}},{"start":{},"end":{}}],"line":281},"33":{"loc":{"start":{"line":282,"column":24},"end":{"line":282,"column":47}},"type":"binary-expr","locations":[{"start":{"line":282,"column":24},"end":{"line":282,"column":45}},{"start":{"line":282,"column":45},"end":{"line":282,"column":47}}],"line":282},"34":{"loc":{"start":{"line":283,"column":24},"end":{"line":283,"column":47}},"type":"binary-expr","locations":[{"start":{"line":283,"column":24},"end":{"line":283,"column":45}},{"start":{"line":283,"column":45},"end":{"line":283,"column":47}}],"line":283},"35":{"loc":{"start":{"line":284,"column":25},"end":{"line":284,"column":90}},"type":"binary-expr","locations":[{"start":{"line":284,"column":25},"end":{"line":284,"column":86}},{"start":{"line":284,"column":86},"end":{"line":284,"column":90}}],"line":284},"36":{"loc":{"start":{"line":285,"column":25},"end":{"line":285,"column":90}},"type":"binary-expr","locations":[{"start":{"line":285,"column":25},"end":{"line":285,"column":86}},{"start":{"line":285,"column":86},"end":{"line":285,"column":90}}],"line":285},"37":{"loc":{"start":{"line":287,"column":8},"end":{"line":287,"column":null}},"type":"if","locations":[{"start":{"line":287,"column":8},"end":{"line":287,"column":null}},{"start":{},"end":{}}],"line":287},"38":{"loc":{"start":{"line":294,"column":8},"end":{"line":297,"column":null}},"type":"if","locations":[{"start":{"line":294,"column":8},"end":{"line":297,"column":null}},{"start":{},"end":{}}],"line":294},"39":{"loc":{"start":{"line":310,"column":4},"end":{"line":310,"column":null}},"type":"if","locations":[{"start":{"line":310,"column":4},"end":{"line":310,"column":null}},{"start":{},"end":{}}],"line":310},"40":{"loc":{"start":{"line":311,"column":4},"end":{"line":314,"column":null}},"type":"if","locations":[{"start":{"line":311,"column":4},"end":{"line":314,"column":null}},{"start":{},"end":{}}],"line":311},"41":{"loc":{"start":{"line":311,"column":8},"end":{"line":311,"column":61}},"type":"binary-expr","locations":[{"start":{"line":311,"column":8},"end":{"line":311,"column":37}},{"start":{"line":311,"column":37},"end":{"line":311,"column":61}}],"line":311},"42":{"loc":{"start":{"line":317,"column":4},"end":{"line":328,"column":null}},"type":"if","locations":[{"start":{"line":317,"column":4},"end":{"line":328,"column":null}},{"start":{},"end":{}}],"line":317},"43":{"loc":{"start":{"line":318,"column":6},"end":{"line":324,"column":null}},"type":"binary-expr","locations":[{"start":{"line":318,"column":6},"end":{"line":318,"column":null}},{"start":{"line":319,"column":6},"end":{"line":319,"column":null}},{"start":{"line":320,"column":6},"end":{"line":320,"column":null}},{"start":{"line":321,"column":6},"end":{"line":321,"column":null}},{"start":{"line":322,"column":6},"end":{"line":322,"column":null}},{"start":{"line":323,"column":6},"end":{"line":323,"column":null}},{"start":{"line":324,"column":6},"end":{"line":324,"column":null}}],"line":318},"44":{"loc":{"start":{"line":336,"column":25},"end":{"line":336,"column":71}},"type":"cond-expr","locations":[{"start":{"line":336,"column":53},"end":{"line":336,"column":69}},{"start":{"line":336,"column":69},"end":{"line":336,"column":71}}],"line":336},"45":{"loc":{"start":{"line":349,"column":4},"end":{"line":349,"column":null}},"type":"if","locations":[{"start":{"line":349,"column":4},"end":{"line":349,"column":null}},{"start":{},"end":{}}],"line":349},"46":{"loc":{"start":{"line":349,"column":8},"end":{"line":349,"column":42}},"type":"binary-expr","locations":[{"start":{"line":349,"column":8},"end":{"line":349,"column":23}},{"start":{"line":349,"column":23},"end":{"line":349,"column":42}}],"line":349},"47":{"loc":{"start":{"line":351,"column":35},"end":{"line":351,"column":null}},"type":"binary-expr","locations":[{"start":{"line":351,"column":35},"end":{"line":351,"column":67}},{"start":{"line":351,"column":67},"end":{"line":351,"column":null}}],"line":351},"48":{"loc":{"start":{"line":352,"column":4},"end":{"line":355,"column":null}},"type":"if","locations":[{"start":{"line":352,"column":4},"end":{"line":355,"column":null}},{"start":{},"end":{}}],"line":352},"49":{"loc":{"start":{"line":352,"column":8},"end":{"line":352,"column":63}},"type":"binary-expr","locations":[{"start":{"line":352,"column":8},"end":{"line":352,"column":38}},{"start":{"line":352,"column":38},"end":{"line":352,"column":63}}],"line":352},"50":{"loc":{"start":{"line":357,"column":4},"end":{"line":360,"column":null}},"type":"if","locations":[{"start":{"line":357,"column":4},"end":{"line":360,"column":null}},{"start":{},"end":{}}],"line":357},"51":{"loc":{"start":{"line":357,"column":8},"end":{"line":357,"column":74}},"type":"binary-expr","locations":[{"start":{"line":357,"column":8},"end":{"line":357,"column":39}},{"start":{"line":357,"column":39},"end":{"line":357,"column":57}},{"start":{"line":357,"column":57},"end":{"line":357,"column":74}}],"line":357},"52":{"loc":{"start":{"line":365,"column":6},"end":{"line":379,"column":null}},"type":"if","locations":[{"start":{"line":365,"column":6},"end":{"line":379,"column":null}},{"start":{"line":372,"column":13},"end":{"line":379,"column":null}}],"line":365},"53":{"loc":{"start":{"line":421,"column":6},"end":{"line":423,"column":null}},"type":"if","locations":[{"start":{"line":421,"column":6},"end":{"line":423,"column":null}},{"start":{},"end":{}}],"line":421},"54":{"loc":{"start":{"line":430,"column":4},"end":{"line":432,"column":null}},"type":"if","locations":[{"start":{"line":430,"column":4},"end":{"line":432,"column":null}},{"start":{},"end":{}}],"line":430},"55":{"loc":{"start":{"line":436,"column":4},"end":{"line":438,"column":null}},"type":"if","locations":[{"start":{"line":436,"column":4},"end":{"line":438,"column":null}},{"start":{},"end":{}}],"line":436},"56":{"loc":{"start":{"line":436,"column":8},"end":{"line":436,"column":53}},"type":"binary-expr","locations":[{"start":{"line":436,"column":8},"end":{"line":436,"column":28}},{"start":{"line":436,"column":28},"end":{"line":436,"column":53}}],"line":436},"57":{"loc":{"start":{"line":442,"column":51},"end":{"line":442,"column":70}},"type":"binary-expr","locations":[{"start":{"line":442,"column":51},"end":{"line":442,"column":68}},{"start":{"line":442,"column":68},"end":{"line":442,"column":70}}],"line":442},"58":{"loc":{"start":{"line":445,"column":9},"end":{"line":499,"column":null}},"type":"binary-expr","locations":[{"start":{"line":445,"column":9},"end":{"line":445,"column":null}},{"start":{"line":446,"column":10},"end":{"line":499,"column":null}}],"line":445},"59":{"loc":{"start":{"line":453,"column":15},"end":{"line":453,"column":null}},"type":"cond-expr","locations":[{"start":{"line":453,"column":34},"end":{"line":453,"column":59}},{"start":{"line":453,"column":59},"end":{"line":453,"column":null}}],"line":453},"60":{"loc":{"start":{"line":456,"column":13},"end":{"line":497,"column":null}},"type":"binary-expr","locations":[{"start":{"line":456,"column":13},"end":{"line":456,"column":null}},{"start":{"line":457,"column":14},"end":{"line":497,"column":null}}],"line":456},"61":{"loc":{"start":{"line":463,"column":22},"end":{"line":465,"column":null}},"type":"cond-expr","locations":[{"start":{"line":464,"column":26},"end":{"line":464,"column":null}},{"start":{"line":465,"column":26},"end":{"line":465,"column":null}}],"line":463},"62":{"loc":{"start":{"line":474,"column":22},"end":{"line":476,"column":null}},"type":"cond-expr","locations":[{"start":{"line":475,"column":26},"end":{"line":475,"column":null}},{"start":{"line":476,"column":26},"end":{"line":476,"column":null}}],"line":474},"63":{"loc":{"start":{"line":484,"column":19},"end":{"line":494,"column":null}},"type":"cond-expr","locations":[{"start":{"line":485,"column":20},"end":{"line":485,"column":null}},{"start":{"line":486,"column":22},"end":{"line":494,"column":null}}],"line":484},"64":{"loc":{"start":{"line":486,"column":22},"end":{"line":494,"column":null}},"type":"cond-expr","locations":[{"start":{"line":487,"column":20},"end":{"line":487,"column":null}},{"start":{"line":489,"column":20},"end":{"line":494,"column":null}}],"line":486},"65":{"loc":{"start":{"line":511,"column":16},"end":{"line":513,"column":null}},"type":"cond-expr","locations":[{"start":{"line":512,"co
[...]
n":50}},"type":"binary-expr","locations":[{"start":{"line":169,"column":22},"end":{"line":169,"column":45}},{"start":{"line":169,"column":45},"end":{"line":169,"column":50}}],"line":169},"25":{"loc":{"start":{"line":170,"column":2},"end":{"line":189,"column":null}},"type":"if","locations":[{"start":{"line":170,"column":2},"end":{"line":189,"column":null}},{"start":{"line":179,"column":2},"end":{"line":189,"column":null}}],"line":170},"26":{"loc":{"start":{"line":170,"column":6},"end":{"line":170,"column":73}},"type":"binary-expr","locations":[{"start":{"line":170,"column":6},"end":{"line":170,"column":38}},{"start":{"line":170,"column":38},"end":{"line":170,"column":73}}],"line":170},"27":{"loc":{"start":{"line":179,"column":2},"end":{"line":189,"column":null}},"type":"if","locations":[{"start":{"line":179,"column":2},"end":{"line":189,"column":null}},{"start":{},"end":{}}],"line":179},"28":{"loc":{"start":{"line":207,"column":2},"end":{"line":209,"column":null}},"type":"if","locations":[{"start":{"line":207,"column":2},"end":{"line":209,"column":null}},{"start":{},"end":{}}],"line":207},"29":{"loc":{"start":{"line":211,"column":2},"end":{"line":219,"column":null}},"type":"if","locations":[{"start":{"line":211,"column":2},"end":{"line":219,"column":null}},{"start":{},"end":{}}],"line":211},"30":{"loc":{"start":{"line":211,"column":6},"end":{"line":211,"column":48}},"type":"binary-expr","locations":[{"start":{"line":211,"column":6},"end":{"line":211,"column":28}},{"start":{"line":211,"column":28},"end":{"line":211,"column":48}}],"line":211},"31":{"loc":{"start":{"line":212,"column":4},"end":{"line":214,"column":null}},"type":"if","locations":[{"start":{"line":212,"column":4},"end":{"line":214,"column":null}},{"start":{},"end":{}}],"line":212},"32":{"loc":{"start":{"line":215,"column":4},"end":{"line":217,"column":null}},"type":"if","locations":[{"start":{"line":215,"column":4},"end":{"line":217,"column":null}},{"start":{},"end":{}}],"line":215},"33":{"loc":{"start":{"line":221,"column":2},"end":{"line":223,"column":null}},"type":"if","locations":[{"start":{"line":221,"column":2},"end":{"line":223,"column":null}},{"start":{},"end":{}}],"line":221},"34":{"loc":{"start":{"line":221,"column":6},"end":{"line":221,"column":87}},"type":"binary-expr","locations":[{"start":{"line":221,"column":6},"end":{"line":221,"column":32}},{"start":{"line":221,"column":32},"end":{"line":221,"column":56}},{"start":{"line":221,"column":56},"end":{"line":221,"column":87}}],"line":221},"35":{"loc":{"start":{"line":242,"column":4},"end":{"line":244,"column":null}},"type":"binary-expr","locations":[{"start":{"line":242,"column":4},"end":{"line":242,"column":null}},{"start":{"line":243,"column":4},"end":{"line":243,"column":null}},{"start":{"line":244,"column":6},"end":{"line":244,"column":22}},{"start":{"line":244,"column":22},"end":{"line":244,"column":44}},{"start":{"line":244,"column":44},"end":{"line":244,"column":66}},{"start":{"line":244,"column":66},"end":{"line":244,"column":82}},{"start":{"line":244,"column":82},"end":{"line":244,"column":null}}],"line":242},"36":{"loc":{"start":{"line":247,"column":16},"end":{"line":247,"column":34}},"type":"binary-expr","locations":[{"start":{"line":247,"column":16},"end":{"line":247,"column":25}},{"start":{"line":247,"column":25},"end":{"line":247,"column":34}}],"line":247},"37":{"loc":{"start":{"line":247,"column":38},"end":{"line":247,"column":51}},"type":"binary-expr","locations":[{"start":{"line":247,"column":38},"end":{"line":247,"column":45}},{"start":{"line":247,"column":45},"end":{"line":247,"column":51}}],"line":247}},"s":{"0":3,"1":0,"2":3,"3":3,"4":0,"5":3,"6":3,"7":6,"8":0,"9":6,"10":6,"11":0,"12":6,"13":6,"14":6,"15":6,"16":0,"17":0,"18":0,"19":1,"20":0,"21":1,"22":0,"23":1,"24":0,"25":1,"26":0,"27":1,"28":3,"29":3,"30":3,"31":3,"32":3,"33":3,"34":3,"35":3,"36":1,"37":3,"38":3,"39":3,"40":3,"41":3,"42":1,"43":1,"44":1,"45":2,"46":3,"47":2,"48":2,"49":2,"50":2,"51":3,"52":3,"53":3,"54":3,"55":2,"56":3,"57":2,"58":2,"59":0,"60":0,"61":0,"62":2,"63":3,"64":1,"65":2,"66":2,"67":0,"68":2,"69":1,"70":1,"71":0,"72":0,"73":0,"74":5,"75":5},"f":{"0":3,"1":6,"2":6,"3":1,"4":3,"5":3,"6":3,"7":1,"8":3,"9":5},"b":{"0":[0,3],"1":[0,3],"2":[3,0],"3":[0,6],"4":[0,6],"5":[0,6],"6":[6,0],"7":[0,0],"8":[0,1],"9":[1,0],"10":[0,1],"11":[0,1],"12":[0,1],"13":[3,3,3,3],"14":[3,0,0],"15":[3,0],"16":[3,0],"17":[3,0],"18":[1,2],"19":[1,0],"20":[2,0],"21":[2,1],"22":[3,2],"23":[3,0],"24":[2,0],"25":[2,0],"26":[3,2],"27":[0,0],"28":[1,2],"29":[2,0],"30":[2,2],"31":[0,2],"32":[1,1],"33":[0,0],"34":[0,0,0],"35":[5,5,5,5,4,3,0],"36":[5,0],"37":[5,0]},"meta":{"lastBranch":38,"lastFunction":10,"lastStatement":76,"seen":{"f:33:16:33:35":0,"b:34:2:36:Infinity:undefined:undefined:undefined:undefined":0,"s:34:2:36:Infinity":0,"s:35:4:35:Infinity":1,"s:37:20:37:Infinity":2,"b:38:2:40:Infinity:undefined:undefined:undefined:undefined":1,"s:38:2:40:Infinity":3,"s:39:4:39:Infinity":4,"s:41:16:41:Infinity":5,"s:42:2:42:Infinity":6,"b:42:9:42:18:42:18:42:Infinity":2,"f:45:16:45:36":1,"b:46:2:48:Infinity:undefined:undefined:undefined:undefined":3,"s:46:2:48:Infinity":7,"s:47:4:47:Infinity":8,"s:49:21:49:Infinity":9,"b:50:2:52:Infinity:undefined:undefined:undefined:undefined":4,"s:50:2:52:Infinity":10,"s:51:4:51:Infinity":11,"s:53:17:53:Infinity":12,"s:54:2:54:Infinity":13,"b:54:32:54:39:54:39:54:Infinity":5,"f:57:9:57:29":2,"b:58:2:60:Infinity:undefined:undefined:undefined:undefined":6,"s:58:2:60:Infinity":14,"s:59:4:59:Infinity":15,"b:61:2:63:Infinity:undefined:undefined:undefined:undefined":7,"s:61:2:63:Infinity":16,"s:62:4:62:Infinity":17,"s:64:2:64:Infinity":18,"f:67:9:67:22":3,"b:68:2:70:Infinity:undefined:undefined:undefined:undefined":8,"s:68:2:70:Infinity":19,"b:68:6:68:20:68:20:68:32":9,"s:69:4:69:Infinity":20,"b:71:2:73:Infinity:undefined:undefined:undefined:undefined":10,"s:71:2:73:Infinity":21,"s:72:4:72:Infinity":22,"b:74:2:76:Infinity:undefined:undefined:undefined:undefined":11,"s:74:2:76:Infinity":23,"s:75:4:75:Infinity":24,"b:77:2:79:Infinity:undefined:undefined:undefined:undefined":12,"s:77:2:79:Infinity":25,"s:78:4:78:Infinity":26,"s:80:2:80:Infinity":27,"f:83:16:83:49":4,"s:84:20:90:Infinity":28,"f:85:4:85:5":5,"s:86:6:89:Infinity":29,"b:86:6:86:Infinity:87:6:87:Infinity:88:6:88:Infinity:89:6:89:Infinity":13,"s:92:16:105:Infinity":30,"f:92:30:92:31":6,"s:93:28:93:Infinity":31,"s:94:29:94:Infinity":32,"b:94:49:94:68:94:68:94:88:94:88:94:92":14,"s:95:23:95:Infinity":33,"s:96:4:104:Infinity":34,"b:101:19:101:39:101:39:101:Infinity":15,"b:102:25:102:45:102:45:102:Infinity":16,"s:107:22:107:Infinity":35,"f:107:33:107:34":7,"s:107:43:107:113":36,"s:109:31:109:Infinity":37,"b:109:51:109:86:109:86:109:90":17,"s:110:25:110:Infinity":38,"s:111:27:111:Infinity":39,"s:113:35:113:Infinity":40,"b:115:2:125:Infinity:undefined:undefined:undefined:undefined":18,"s:115:2:125:Infinity":41,"s:116:22:122:Infinity":42,"b:119:35:119:71:119:71:119:Infinity":19,"s:123:4:123:Infinity":43,"s:124:4:124:Infinity":44,"s:128:31:128:Infinity":45,"b:128:31:128:67:128:67:128:Infinity":20,"b:129:2:138:Infinity:undefined:undefined:undefined:undefined":21,"s:129:2:138:Infinity":46,"b:129:6:129:39:129:39:129:65":22,"s:130:17:136:Infinity":47,"s:137:4:137:Infinity":48,"s:141:43:141:Infinity":49,"s:142:2:166:Infinity":50,"s:143:19:149:Infinity":51,"s:151:4:162:Infinity":52,"b:163:4:165:Infinity:undefined:undefined:undefined:undefined":23,"s:163:4:165:Infinity":53,"s:164:6:164:Infinity":54,"s:169:8:169:Infinity":55,"b:169:22:169:45:169:45:169:50":24,"b:170:2:189:Infinity:179:2:189:Infinity":25,"s:170:2:189:Infinity":56,"b:170:6:170:38:170:38:170:73":26,"s:171:17:177:Infinity":57,"s:178:4:178:Infinity":58,"b:179:2:189:Infinity:undefined:undefined:undefined:undefined":27,"s:179:2:189:Infinity":59,"s:181:17:187:Infinity":60,"s:188:4:188:Infinity":61,"s:191:2:191:Infinity":62,"f:194:9:194:27":8,"b:207:2:209:Infinity:undefined:undefined:undefined:undefined":28,"s:207:2:209:Infinity":63,"s:208:4:208:Infinity":64,"b:211:2:219:Infinity:undefined:undefined:undefined:undefined":29,"s:211:2:219:Infinity":65,"b:211:6:211:28:211:28:211:48":30,"b:212:4:214:Infinity:undefined:undefined:undefined:undefined":31,"s:212:4:214:Infinity":66,"s:213:6:213:Infinity":67,"b:215:4:217:Infinity:undefined:undefined:undefined:undefined":32,"s:215:4:217:Infinity":68,"s:216:6:216:Infinity":69,"s:218:4:218:Infinity":70,"b:221:2:223:Infinity:undefined:undefined:undefined:undefined":33,"s:221:2:223:Infinity":71,"b:221:6:221:32:221:32:221:56:221:56:221:87":34,"s:222:4:222:Infinity":72,"s:225:2:225:Infinity":73,"f:228:9:228:25":9,"s:242:4:244:Infinity":74,"b:242:4:242:Infinity:243:4:243:Infinity:244:6:244:22:244:22:244:44:244:44:244:66:244:66:244:82:244:82:244:Infinity":35,"s:246:2:253:Infinity":75,"b:247:16:247:25:247:25:247:34":36,"b:247:38:247:45:247:45:247:51":37}}}
,"/home/josh/.opencode-worktrees/comic-pile/issue_371/frontend/src/utils/topologicalSort.ts": {"path":"/home/josh/.opencode-worktrees/comic-pile/issue_371/frontend/src/utils/topologicalSort.ts","statementMap":{"0":{"start":{"line":7,"column":21},"end":{"line":7,"column":null}},"1":{"start":{"line":7,"column":64},"end":{"line":7,"column":73}},"2":{"start":{"line":9,"column":14},"end":{"line":9,"column":null}},"3":{"start":{"line":10,"column":19},"end":{"line":10,"column":null}},"4":{"start":{"line":12,"column":2},"end":{"line":15,"column":null}},"5":{"start":{"line":13,"column":4},"end":{"line":13,"column":null}},"6":{"start":{"line":14,"column":4},"end":{"line":14,"column":null}},"7":{"start":{"line":17,"column":2},"end":{"line":46,"column":null}},"8":{"start":{"line":18,"column":19},"end":{"line":18,"column":null}},"9":{"start":{"line":19,"column":19},"end":{"line":19,"column":null}},"10":{"start":{"line":22,"column":4},"end":{"line":28,"column":null}},"11":{"start":{"line":23,"column":6},"end":{"line":27,"column":null}},"12":{"start":{"line":24,"column":8},"end":{"line":24,"column":null}},"13":{"start":{"line":26,"column":8},"end":{"line":26,"column":null}},"14":{"start":{"line":29,"column":4},"end":{"line":35,"column":null}},"15":{"start":{"line":30,"column":6},"end":{"line":34,"column":null}},"16":{"start":{"line":31,"column":8},"end":{"line":31,"column":null}},"17":{"start":{"line":33,"column":8},"end":{"line":33,"column":null}},"18":{"start":{"line":37,"column":4},"end":{"line":37,"column":null}},"19":{"start":{"line":37,"column":31},"end":{"line":37,"column":null}},"20":{"start":{"line":39,"column":4},"end":{"line":45,"column":null}},"21":{"start":{"line":40,"column":24},"end":{"line":40,"column":null}},"22":{"start":{"line":41,"column":6},"end":{"line":44,"column":null}},"23":{"start":{"line":42,"column":8},"end":{"line":42,"column":null}},"24":{"start":{"line":43,"column":8},"end":{"line":43,"column":null}},"25":{"start":{"line":49,"column":26},"end":{"line":49,"column":null}},"26":{"start":{"line":51,"column":2},"end":{"line":55,"column":null}},"27":{"start":{"line":52,"column":4},"end":{"line":54,"column":null}},"28":{"start":{"line":53,"column":6},"end":{"line":53,"column":null}},"29":{"start":{"line":57,"column":27},"end":{"line":57,"column":null}},"30":{"start":{"line":58,"column":20},"end":{"line":58,"column":null}},"31":{"start":{"line":60,"column":2},"end":{"line":76,"column":null}},"32":{"start":{"line":62,"column":20},"end":{"line":62,"column":null}},"33":{"start":{"line":63,"column":4},"end":{"line":63,"column":null}},"34":{"start":{"line":64,"column":4},"end":{"line":64,"column":null}},"35":{"start":{"line":66,"column":22},"end":{"line":66,"column":null}},"36":{"start":{"line":67,"column":4},"end":{"line":75,"column":null}},"37":{"start":{"line":68,"column":6},"end":{"line":74,"column":null}},"38":{"start":{"line":69,"column":20},"end":{"line":69,"column":null}},"39":{"start":{"line":70,"column":8},"end":{"line":70,"column":null}},"40":{"start":{"line":71,"column":8},"end":{"line":73,"column":null}},"41":{"start":{"line":72,"column":10},"end":{"line":72,"column":null}},"42":{"start":{"line":79,"column":2},"end":{"line":84,"column":null}},"43":{"start":{"line":80,"column":4},"end":{"line":83,"column":null}},"44":{"start":{"line":81,"column":6},"end":{"line":81,"column":null}},"45":{"start":{"line":82,"column":6},"end":{"line":82,"column":null}},"46":{"start":{"line":86,"column":2},"end":{"line":88,"column":null}},"47":{"start":{"line":87,"column":15},"end":{"line":87,"column":33}},"48":{"start":{"line":88,"column":32},"end":{"line":88,"column":47}}},"fnMap":{"0":{"name":"getTopologicalPath","decl":{"start":{"line":3,"column":16},"end":{"line":3,"column":null}},"loc":{"start":{"line":6,"column":12},"end":{"line":89,"column":null}},"line":6},"1":{"name":"(anonymous_1)","decl":{"start":{"line":7,"column":57},"end":{"line":7,"column":58}},"loc":{"start":{"line":7,"column":64},"end":{"line":7,"column":73}},"line":7},"2":{"name":"(anonymous_2)","decl":{"start":{"line":12,"column":18},"end":{"line":12,"column":23}},"loc":{"start":{"line":12,"column":23},"end":{"line":15,"column":3}},"line":12},"3":{"name":"(anonymous_3)","decl":{"start":{"line":17,"column":23},"end":{"line":17,"column":30}},"loc":{"start":{"line":17,"column":30},"end":{"line":46,"column":3}},"line":17},"4":{"name":"(anonymous_4)","decl":{"start":{"line":51,"column":18},"end":{"line":51,"column":23}},"loc":{"start":{"line":51,"column":23},"end":{"line":55,"column":3}},"line":51},"5":{"name":"(anonymous_5)","decl":{"start":{"line":79,"column":18},"end":{"line":79,"column":23}},"loc":{"start":{"line":79,"column":23},"end":{"line":84,"column":3}},"line":79},"6":{"name":"(anonymous_6)","decl":{"start":{"line":87,"column":9},"end":{"line":87,"column":15}},"loc":{"start":{"line":87,"column":15},"end":{"line":87,"column":33}},"line":87},"7":{"name":"(anonymous_7)","decl":{"start":{"line":88,"column":12},"end":{"line":88,"column":13}},"loc":{"start":{"line":88,"column":32},"end":{"line":88,"column":47}},"line":88}},"branchMap":{"0":{"loc":{"start":{"line":22,"column":4},"end":{"line":28,"column":null}},"type":"if","locations":[{"start":{"line":22,"column":4},"end":{"line":28,"column":null}},{"start":{},"end":{}}],"line":22},"1":{"loc":{"start":{"line":23,"column":6},"end":{"line":27,"column":null}},"type":"if","locations":[{"start":{"line":23,"column":6},"end":{"line":27,"column":null}},{"start":{"line":25,"column":13},"end":{"line":27,"column":null}}],"line":23},"2":{"loc":{"start":{"line":29,"column":4},"end":{"line":35,"column":null}},"type":"if","locations":[{"start":{"line":29,"column":4},"end":{"line":35,"column":null}},{"start":{},"end":{}}],"line":29},"3":{"loc":{"start":{"line":30,"column":6},"end":{"line":34,"column":null}},"type":"if","locations":[{"start":{"line":30,"column":6},"end":{"line":34,"column":null}},{"start":{"line":32,"column":13},"end":{"line":34,"column":null}}],"line":30},"4":{"loc":{"start":{"line":37,"column":4},"end":{"line":37,"column":null}},"type":"if","locations":[{"start":{"line":37,"column":4},"end":{"line":37,"column":null}},{"start":{},"end":{}}],"line":37},"5":{"loc":{"start":{"line":39,"column":4},"end":{"line":45,"column":null}},"type":"if","locations":[{"start":{"line":39,"column":4},"end":{"line":45,"column":null}},{"start":{},"end":{}}],"line":39},"6":{"loc":{"start":{"line":39,"column":8},"end":{"line":39,"column":48}},"type":"binary-expr","locations":[{"start":{"line":39,"column":8},"end":{"line":39,"column":29}},{"start":{"line":39,"column":29},"end":{"line":39,"column":48}}],"line":39},"7":{"loc":{"start":{"line":41,"column":6},"end":{"line":44,"column":null}},"type":"if","locations":[{"start":{"line":41,"column":6},"end":{"line":44,"column":null}},{"start":{},"end":{}}],"line":41},"8":{"loc":{"start":{"line":43,"column":32},"end":{"line":43,"column":63}},"type":"binary-expr","locations":[{"start":{"line":43,"column":32},"end":{"line":43,"column":58}},{"start":{"line":43,"column":58},"end":{"line":43,"column":63}}],"line":43},"9":{"loc":{"start":{"line":52,"column":4},"end":{"line":54,"column":null}},"type":"if","locations":[{"start":{"line":52,"column":4},"end":{"line":54,"column":null}},{"start":{},"end":{}}],"line":52},"10":{"loc":{"start":{"line":67,"column":4},"end":{"line":75,"column":null}},"type":"if","locations":[{"start":{"line":67,"column":4},"end":{"line":75,"column":null}},{"start":{},"end":{}}],"line":67},"11":{"loc":{"start":{"line":71,"column":8},"end":{"line":73,"column":null}},"type":"if","locations":[{"start":{"line":71,"column":8},"end":{"line":73,"column":null}},{"start":{},"end":{}}],"line":71},"12":{"loc":{"start":{"line":80,"column":4},"end":{"line":83,"column":null}},"type":"if","locations":[{"start":{"line":80,"column":4},"end":{"line":83,"column":null}},{"start":{},"end":{}}],"line":80},"13":{"loc":{"start":{"line":80,"column":4},"end":{"line":80,"column":63}},"type":"binary-expr","locations":[{"start":{"line":80,"column":4},"end":{"line":80,"column":41}},{"start":{"line":80,"column":41},"end":{"line":80,"column":63}}],"line":80},"14":{"loc":{"start":{"line":80,"column":9},"end":{"line":80,"column":36}},"type":"binary-expr","locations":[{"start":{"line":80,"column":9},"end":{"line":80,"column":31}},{"start":{"line":80,"column":31},"end":{"line":80,"column":36}}],"line":80}},"s":{"0":9,"1":25,"2":9,"3":9,"4":9,"5":25,"6":25,"7":9,"8":19,"9":19,"10":19,"11":2,"12":1,"13":1,"14":18,"15":1,"16":1,"17":0,"18":18,"19":1,"20":17,"21":16,"22":16,"23":15,"24":15,"25":9,"26":9,"27":25,"28":11,"29":9,"30":9,"31":9,"32":22,"33":22,"34":22,"35":22,"36":22,"37":22,"38":12,"39":12,"40":12,"41":11,"42":9,"43":25,"44":3,"45":3,"46":9,"47":25,"48":25},"f":{"0":9,"1":25,"2":25,"3":19,"4":25,"5":25,"6":25,"7":25},"b":{"0":[2,17],"1":[1,1],"2":[1,17],"3":[1,0],"4":[1,17],"5":[16,1],"6":[17,17],"7":[15,1],"8":[15,14],"9":[11,14],"10":[22,0],"11":[11,1],"12":[3,22],"13":[25,3],"14":[25,22]},"meta":{"lastBranch":15,"lastFunction":8,"lastStatement":49,"seen":{"f:3:16:3:Infinity":0,"s:7:21:7:Infinity":0,"f:7:57:7:58":1,"s:7:64:7:73":1,"s:9:14:9:Infinity":2,"s:10:19:10:Infinity":3,"s:12:2:15:Infinity":4,"f:12:18:12:23":2,"s:13:4:13:Infinity":5,"s:14:4:14:Infinity":6,"s:17:2:46:Infinity":7,"f:17:23:17:30":3,"s:18:19:18:Infinity":8,"s:19:19:19:Infinity":9,"b:22:4:28:Infinity:undefined:undefined:undefined:undefined":0,"s:22:4:28:Infinity":10,"b:23:6:27:Infinity:25:13:27:Infinity":1,"s:23:6:27:Infinity":11,"s:24:8:24:Infinity":12,"s:26:8:26:Infinity":13,"b:29:4:35:Infinity:undefined:undefined:undefined:undefined":2,"s:29:4:35:Infinity":14,"b:30:6:34:Infinity:32:13:34:Infinity":3,"s:30:6:34:Infinity":15,"s:31:8:31:Infinity":16,"s:33:8:33:Infinity":17,"b:37:4:37:Infinity:undefined:undefined:undefined:undefined":4,"s:37:4:37:Infinity":18,"s:37:31:37:Infinity":19,"b:39:4:45:Infinity:undefined:undefined:undefined:undefined":5,"s:39:4:45:Infinity":20,"b:39:8:39:29:39:29:39:48":6,"s:40:24:40:Infinity":21,"b:41:6:44:Infinity:undefined:undefined:undefined:undefined":7,"s:41:6:44:Infinity":22,"s:42:8:42:Infinity":23,"s:43:8:43:Infinity":24,"b:43:32:43:58:43:58:43:63":8,"s:49:26:49:Infinity":25,"s:51:2:55:Infinity":26,"f:51:18:51:23":4,"b:52:4:54:Infinity:undefined:undefined:undefined:undefined":9,"s:52:4:54:Infinity":27,"s:53:6:53:Infinity":28,"s:57:27:57:Infinity":29,"s:58:20:58:Infinity":30,"s:60:2:76:Infinity":31,"s:62:20:62:Infinity":32,"s:63:4:63:Infinity":33,"s:64:4:64:Infinity":34,"s:66:22:66:Infinity":35,"b:67:4:75:Infinity:undefined:undefined:undefined:undefined":10,"s:67:4:75:Infinity":36,"s:68:6:74:Infinity":37,"s:69:20:69:Infinity":38,"s:70:8:70:Infinity":39,"b:71:8:73:Infinity:undefined:undefined:undefined:undefined":11,"s:71:8:73:Infinity":40,"s:72:10:72:Infinity":41,"s:79:2:84:Infinity":42,"f:79:18:79:23":5,"b:80:4:83:Infinity:undefined:undefined:undefined:undefined":12,"s:80:4:83:Infinity":43,"b:80:4:80:41:80:41:80:63":13,"b:80:9:80:31:80:31:80:36":14,"s:81:6:81:Infinity":44,"s:82:6:82:Infinity":45,"s:86:2:88:Infinity":46,"f:87:9:87:15":6,"s:87:15:87:33":47,"f:88:12:88:13":7,"s:88:32:88:47":48}}}
}
